{"timestamp": "2025-05-23T05:36:45.392161", "level": "INFO", "name": "root", "message": "Logging initialized for api_server application", "module": "logging_config", "function": "setup_logging", "line": 129, "process_id": 61613, "thread_id": 8351991872}
{"timestamp": "2025-05-23T05:36:45.405534", "level": "INFO", "name": "root", "message": "API server starting up", "module": "app", "function": "startup_event", "line": 135, "process_id": 61613, "thread_id": 8351991872}
{"timestamp": "2025-05-23T05:36:50.343772", "level": "INFO", "name": "root", "message": "Request started: GET /usage/summary", "module": "app", "function": "log_requests", "line": 43, "process_id": 61613, "thread_id": 8351991872}
{"timestamp": "2025-05-23T05:36:50.350075", "level": "INFO", "name": "root", "message": "Request started: GET /profile/info", "module": "app", "function": "log_requests", "line": 43, "process_id": 61613, "thread_id": 8351991872}
{"timestamp": "2025-05-23T05:36:50.359555", "level": "INFO", "name": "myslt.api", "message": "Initializing SLTAPI client", "module": "api", "function": "__init__", "line": 26, "process_id": 61613, "thread_id": 6214299648}
{"timestamp": "2025-05-23T05:36:50.359923", "level": "INFO", "name": "root", "message": "Request started: GET /bills/status", "module": "app", "function": "log_requests", "line": 43, "process_id": 61613, "thread_id": 8351991872}
{"timestamp": "2025-05-23T05:36:50.360078", "level": "INFO", "name": "myslt.api", "message": "Attempting SLT API login", "module": "api", "function": "login", "line": 55, "process_id": 61613, "thread_id": 6214299648}
{"timestamp": "2025-05-23T05:36:50.360792", "level": "INFO", "name": "root", "message": "Request started: GET /vas/bundles", "module": "app", "function": "log_requests", "line": 43, "process_id": 61613, "thread_id": 8351991872}
{"timestamp": "2025-05-23T05:36:50.368392", "level": "INFO", "name": "root", "message": "Request started: GET /health", "module": "app", "function": "log_requests", "line": 43, "process_id": 61613, "thread_id": 8351991872}
{"timestamp": "2025-05-23T05:36:50.368612", "level": "INFO", "name": "myslt.api", "message": "Initializing SLTAPI client", "module": "api", "function": "__init__", "line": 26, "process_id": 61613, "thread_id": 6231126016}
{"timestamp": "2025-05-23T05:36:50.369119", "level": "INFO", "name": "myslt.api", "message": "Attempting SLT API login", "module": "api", "function": "login", "line": 55, "process_id": 61613, "thread_id": 6231126016}
{"timestamp": "2025-05-23T05:36:50.377633", "level": "INFO", "name": "myslt.api", "message": "Initializing SLTAPI client", "module": "api", "function": "__init__", "line": 26, "process_id": 61613, "thread_id": 6247952384}
{"timestamp": "2025-05-23T05:36:50.383421", "level": "INFO", "name": "myslt.api", "message": "Initializing SLTAPI client", "module": "api", "function": "__init__", "line": 26, "process_id": 61613, "thread_id": 6264778752}
{"timestamp": "2025-05-23T05:36:50.393548", "level": "INFO", "name": "root", "message": "Request completed: GET /health - Status: 200", "module": "app", "function": "log_requests", "line": 61, "process_id": 61613, "thread_id": 8351991872}
{"timestamp": "2025-05-23T05:36:50.401384", "level": "INFO", "name": "myslt.api", "message": "Attempting SLT API login", "module": "api", "function": "login", "line": 55, "process_id": 61613, "thread_id": 6247952384}
{"timestamp": "2025-05-23T05:36:50.406896", "level": "INFO", "name": "myslt.api", "message": "Attempting SLT API login", "module": "api", "function": "login", "line": 55, "process_id": 61613, "thread_id": 6264778752}
{"timestamp": "2025-05-23T05:36:50.420249", "level": "INFO", "name": "root", "message": "Request started: GET /health", "module": "app", "function": "log_requests", "line": 43, "process_id": 61613, "thread_id": 8351991872}
{"timestamp": "2025-05-23T05:36:50.427963", "level": "INFO", "name": "root", "message": "Request completed: GET /health - Status: 200", "module": "app", "function": "log_requests", "line": 61, "process_id": 61613, "thread_id": 8351991872}
{"timestamp": "2025-05-23T05:36:52.220575", "level": "INFO", "name": "myslt.api", "message": "Login successful", "module": "api", "function": "login", "line": 82, "process_id": 61613, "thread_id": 6231126016}
{"timestamp": "2025-05-23T05:36:52.249492", "level": "INFO", "name": "myslt.api", "message": "Login successful", "module": "api", "function": "login", "line": 82, "process_id": 61613, "thread_id": 6247952384}
{"timestamp": "2025-05-23T05:36:52.307567", "level": "INFO", "name": "myslt.api", "message": "Login successful", "module": "api", "function": "login", "line": 82, "process_id": 61613, "thread_id": 6264778752}
{"timestamp": "2025-05-23T05:36:52.318140", "level": "INFO", "name": "myslt.api", "message": "Login successful", "module": "api", "function": "login", "line": 82, "process_id": 61613, "thread_id": 6214299648}
{"timestamp": "2025-05-23T05:36:52.710824", "level": "INFO", "name": "myslt.api", "message": "Data successfully fetched from VAS/GetProfileRequest", "module": "api", "function": "fetch_data", "line": 185, "process_id": 61613, "thread_id": 8351991872}
{"timestamp": "2025-05-23T05:36:53.221352", "level": "INFO", "name": "myslt.api", "message": "Data successfully fetched from ebill/BillStatusRequest", "module": "api", "function": "fetch_data", "line": 185, "process_id": 61613, "thread_id": 8351991872}
{"timestamp": "2025-05-23T05:36:53.897914", "level": "INFO", "name": "myslt.api", "message": "Data successfully fetched from BBVAS/GetDashboardVASBundles", "module": "api", "function": "fetch_data", "line": 185, "process_id": 61613, "thread_id": 8351991872}
{"timestamp": "2025-05-23T05:36:53.899206", "level": "INFO", "name": "api.routers.usage", "message": "Processing usage summary request", "module": "usage", "function": "get_usage_summary", "line": 24, "process_id": 61613, "thread_id": 8351991872}
{"timestamp": "2025-05-23T05:36:54.520688", "level": "INFO", "name": "myslt.api", "message": "Data successfully fetched from BBVAS/UsageSummary", "module": "api", "function": "fetch_data", "line": 185, "process_id": 61613, "thread_id": 8351991872}
{"timestamp": "2025-05-23T05:36:54.522776", "level": "INFO", "name": "root", "message": "Request completed: GET /profile/info - Status: 200", "module": "app", "function": "log_requests", "line": 61, "process_id": 61613, "thread_id": 8351991872}
{"timestamp": "2025-05-23T05:36:54.524469", "level": "INFO", "name": "root", "message": "Request completed: GET /bills/status - Status: 200", "module": "app", "function": "log_requests", "line": 61, "process_id": 61613, "thread_id": 8351991872}
{"timestamp": "2025-05-23T05:36:54.524901", "level": "INFO", "name": "root", "message": "Request completed: GET /vas/bundles - Status: 200", "module": "app", "function": "log_requests", "line": 61, "process_id": 61613, "thread_id": 8351991872}
{"timestamp": "2025-05-23T05:36:54.525213", "level": "INFO", "name": "root", "message": "Request completed: GET /usage/summary - Status: 200", "module": "app", "function": "log_requests", "line": 61, "process_id": 61613, "thread_id": 8351991872}
{"timestamp": "2025-05-23T05:36:54.527959", "level": "INFO", "name": "root", "message": "Request started: GET /profile/info", "module": "app", "function": "log_requests", "line": 43, "process_id": 61613, "thread_id": 8351991872}
{"timestamp": "2025-05-23T05:36:54.529197", "level": "INFO", "name": "myslt.api", "message": "Initializing SLTAPI client", "module": "api", "function": "__init__", "line": 26, "process_id": 61613, "thread_id": 6214299648}
{"timestamp": "2025-05-23T05:36:54.529703", "level": "INFO", "name": "myslt.api", "message": "Attempting SLT API login", "module": "api", "function": "login", "line": 55, "process_id": 61613, "thread_id": 6214299648}
{"timestamp": "2025-05-23T05:36:54.530919", "level": "INFO", "name": "root", "message": "Request started: GET /vas/bundles", "module": "app", "function": "log_requests", "line": 43, "process_id": 61613, "thread_id": 8351991872}
{"timestamp": "2025-05-23T05:36:54.532490", "level": "INFO", "name": "myslt.api", "message": "Initializing SLTAPI client", "module": "api", "function": "__init__", "line": 26, "process_id": 61613, "thread_id": 6264778752}
{"timestamp": "2025-05-23T05:36:54.532855", "level": "INFO", "name": "root", "message": "Request started: GET /usage/summary", "module": "app", "function": "log_requests", "line": 43, "process_id": 61613, "thread_id": 8351991872}
{"timestamp": "2025-05-23T05:36:54.533211", "level": "INFO", "name": "myslt.api", "message": "Attempting SLT API login", "module": "api", "function": "login", "line": 55, "process_id": 61613, "thread_id": 6264778752}
{"timestamp": "2025-05-23T05:36:54.534684", "level": "INFO", "name": "root", "message": "Request started: GET /bills/status", "module": "app", "function": "log_requests", "line": 43, "process_id": 61613, "thread_id": 8351991872}
{"timestamp": "2025-05-23T05:36:54.538564", "level": "INFO", "name": "myslt.api", "message": "Initializing SLTAPI client", "module": "api", "function": "__init__", "line": 26, "process_id": 61613, "thread_id": 6247952384}
{"timestamp": "2025-05-23T05:36:54.539007", "level": "INFO", "name": "myslt.api", "message": "Initializing SLTAPI client", "module": "api", "function": "__init__", "line": 26, "process_id": 61613, "thread_id": 6231126016}
{"timestamp": "2025-05-23T05:36:54.539793", "level": "INFO", "name": "myslt.api", "message": "Attempting SLT API login", "module": "api", "function": "login", "line": 55, "process_id": 61613, "thread_id": 6247952384}
{"timestamp": "2025-05-23T05:36:54.540458", "level": "INFO", "name": "myslt.api", "message": "Attempting SLT API login", "module": "api", "function": "login", "line": 55, "process_id": 61613, "thread_id": 6231126016}
{"timestamp": "2025-05-23T05:36:56.211221", "level": "INFO", "name": "myslt.api", "message": "Login successful", "module": "api", "function": "login", "line": 82, "process_id": 61613, "thread_id": 6214299648}
{"timestamp": "2025-05-23T05:36:56.228233", "level": "INFO", "name": "myslt.api", "message": "Login successful", "module": "api", "function": "login", "line": 82, "process_id": 61613, "thread_id": 6247952384}
{"timestamp": "2025-05-23T05:36:56.251291", "level": "INFO", "name": "myslt.api", "message": "Login successful", "module": "api", "function": "login", "line": 82, "process_id": 61613, "thread_id": 6231126016}
{"timestamp": "2025-05-23T05:36:56.787188", "level": "INFO", "name": "myslt.api", "message": "Login successful", "module": "api", "function": "login", "line": 82, "process_id": 61613, "thread_id": 6264778752}
{"timestamp": "2025-05-23T05:36:56.932966", "level": "INFO", "name": "myslt.api", "message": "Data successfully fetched from VAS/GetProfileRequest", "module": "api", "function": "fetch_data", "line": 185, "process_id": 61613, "thread_id": 8351991872}
{"timestamp": "2025-05-23T05:36:56.935915", "level": "INFO", "name": "api.routers.usage", "message": "Processing usage summary request", "module": "usage", "function": "get_usage_summary", "line": 24, "process_id": 61613, "thread_id": 8351991872}
{"timestamp": "2025-05-23T05:36:57.806620", "level": "INFO", "name": "myslt.api", "message": "Data successfully fetched from BBVAS/UsageSummary", "module": "api", "function": "fetch_data", "line": 185, "process_id": 61613, "thread_id": 8351991872}
{"timestamp": "2025-05-23T05:36:58.293520", "level": "INFO", "name": "myslt.api", "message": "Data successfully fetched from ebill/BillStatusRequest", "module": "api", "function": "fetch_data", "line": 185, "process_id": 61613, "thread_id": 8351991872}
{"timestamp": "2025-05-23T05:36:58.935987", "level": "INFO", "name": "myslt.api", "message": "Data successfully fetched from BBVAS/GetDashboardVASBundles", "module": "api", "function": "fetch_data", "line": 185, "process_id": 61613, "thread_id": 8351991872}
{"timestamp": "2025-05-23T05:36:58.938381", "level": "INFO", "name": "root", "message": "Request completed: GET /profile/info - Status: 200", "module": "app", "function": "log_requests", "line": 61, "process_id": 61613, "thread_id": 8351991872}
{"timestamp": "2025-05-23T05:36:58.940437", "level": "INFO", "name": "root", "message": "Request completed: GET /usage/summary - Status: 200", "module": "app", "function": "log_requests", "line": 61, "process_id": 61613, "thread_id": 8351991872}
{"timestamp": "2025-05-23T05:36:58.940941", "level": "INFO", "name": "root", "message": "Request completed: GET /bills/status - Status: 200", "module": "app", "function": "log_requests", "line": 61, "process_id": 61613, "thread_id": 8351991872}
{"timestamp": "2025-05-23T05:36:58.941327", "level": "INFO", "name": "root", "message": "Request completed: GET /vas/bundles - Status: 200", "module": "app", "function": "log_requests", "line": 61, "process_id": 61613, "thread_id": 8351991872}
{"timestamp": "2025-05-23T05:36:58.947989", "level": "INFO", "name": "root", "message": "Request started: GET /usage/summary", "module": "app", "function": "log_requests", "line": 43, "process_id": 61613, "thread_id": 8351991872}
{"timestamp": "2025-05-23T05:36:58.950338", "level": "INFO", "name": "myslt.api", "message": "Initializing SLTAPI client", "module": "api", "function": "__init__", "line": 26, "process_id": 61613, "thread_id": 6264778752}
{"timestamp": "2025-05-23T05:36:58.950821", "level": "INFO", "name": "myslt.api", "message": "Attempting SLT API login", "module": "api", "function": "login", "line": 55, "process_id": 61613, "thread_id": 6264778752}
{"timestamp": "2025-05-23T05:37:00.636866", "level": "INFO", "name": "myslt.api", "message": "Login successful", "module": "api", "function": "login", "line": 82, "process_id": 61613, "thread_id": 6264778752}
{"timestamp": "2025-05-23T05:37:00.638555", "level": "INFO", "name": "api.routers.usage", "message": "Processing usage summary request", "module": "usage", "function": "get_usage_summary", "line": 24, "process_id": 61613, "thread_id": 8351991872}
{"timestamp": "2025-05-23T05:37:01.287007", "level": "INFO", "name": "myslt.api", "message": "Data successfully fetched from BBVAS/UsageSummary", "module": "api", "function": "fetch_data", "line": 185, "process_id": 61613, "thread_id": 8351991872}
{"timestamp": "2025-05-23T05:37:01.288801", "level": "INFO", "name": "root", "message": "Request completed: GET /usage/summary - Status: 200", "module": "app", "function": "log_requests", "line": 61, "process_id": 61613, "thread_id": 8351991872}
{"timestamp": "2025-05-23T05:37:01.290939", "level": "INFO", "name": "root", "message": "Request started: GET /usage/summary", "module": "app", "function": "log_requests", "line": 43, "process_id": 61613, "thread_id": 8351991872}
{"timestamp": "2025-05-23T05:37:01.293305", "level": "INFO", "name": "myslt.api", "message": "Initializing SLTAPI client", "module": "api", "function": "__init__", "line": 26, "process_id": 61613, "thread_id": 6264778752}
{"timestamp": "2025-05-23T05:37:01.293642", "level": "INFO", "name": "myslt.api", "message": "Attempting SLT API login", "module": "api", "function": "login", "line": 55, "process_id": 61613, "thread_id": 6264778752}
{"timestamp": "2025-05-23T05:37:02.980847", "level": "INFO", "name": "myslt.api", "message": "Login successful", "module": "api", "function": "login", "line": 82, "process_id": 61613, "thread_id": 6264778752}
{"timestamp": "2025-05-23T05:37:02.981580", "level": "INFO", "name": "api.routers.usage", "message": "Processing usage summary request", "module": "usage", "function": "get_usage_summary", "line": 24, "process_id": 61613, "thread_id": 8351991872}
{"timestamp": "2025-05-23T05:37:03.633322", "level": "INFO", "name": "myslt.api", "message": "Data successfully fetched from BBVAS/UsageSummary", "module": "api", "function": "fetch_data", "line": 185, "process_id": 61613, "thread_id": 8351991872}
{"timestamp": "2025-05-23T05:37:03.635548", "level": "INFO", "name": "root", "message": "Request completed: GET /usage/summary - Status: 200", "module": "app", "function": "log_requests", "line": 61, "process_id": 61613, "thread_id": 8351991872}
{"timestamp": "2025-05-23T05:37:03.697226", "level": "INFO", "name": "root", "message": "Request started: GET /profile/info", "module": "app", "function": "log_requests", "line": 43, "process_id": 61613, "thread_id": 8351991872}
{"timestamp": "2025-05-23T05:37:03.698628", "level": "INFO", "name": "myslt.api", "message": "Initializing SLTAPI client", "module": "api", "function": "__init__", "line": 26, "process_id": 61613, "thread_id": 6264778752}
{"timestamp": "2025-05-23T05:37:03.698939", "level": "INFO", "name": "myslt.api", "message": "Attempting SLT API login", "module": "api", "function": "login", "line": 55, "process_id": 61613, "thread_id": 6264778752}
{"timestamp": "2025-05-23T05:37:05.409967", "level": "INFO", "name": "myslt.api", "message": "Login successful", "module": "api", "function": "login", "line": 82, "process_id": 61613, "thread_id": 6264778752}
{"timestamp": "2025-05-23T05:37:05.903514", "level": "INFO", "name": "myslt.api", "message": "Data successfully fetched from VAS/GetProfileRequest", "module": "api", "function": "fetch_data", "line": 185, "process_id": 61613, "thread_id": 8351991872}
{"timestamp": "2025-05-23T05:37:05.905748", "level": "INFO", "name": "root", "message": "Request completed: GET /profile/info - Status: 200", "module": "app", "function": "log_requests", "line": 61, "process_id": 61613, "thread_id": 8351991872}
{"timestamp": "2025-05-23T05:37:05.909130", "level": "INFO", "name": "root", "message": "Request started: GET /profile/info", "module": "app", "function": "log_requests", "line": 43, "process_id": 61613, "thread_id": 8351991872}
{"timestamp": "2025-05-23T05:37:05.911157", "level": "INFO", "name": "myslt.api", "message": "Initializing SLTAPI client", "module": "api", "function": "__init__", "line": 26, "process_id": 61613, "thread_id": 6264778752}
{"timestamp": "2025-05-23T05:37:05.911445", "level": "INFO", "name": "myslt.api", "message": "Attempting SLT API login", "module": "api", "function": "login", "line": 55, "process_id": 61613, "thread_id": 6264778752}
{"timestamp": "2025-05-23T05:37:07.560036", "level": "INFO", "name": "myslt.api", "message": "Login successful", "module": "api", "function": "login", "line": 82, "process_id": 61613, "thread_id": 6264778752}
{"timestamp": "2025-05-23T05:37:08.049681", "level": "INFO", "name": "myslt.api", "message": "Data successfully fetched from VAS/GetProfileRequest", "module": "api", "function": "fetch_data", "line": 185, "process_id": 61613, "thread_id": 8351991872}
{"timestamp": "2025-05-23T05:37:08.051720", "level": "INFO", "name": "root", "message": "Request completed: GET /profile/info - Status: 200", "module": "app", "function": "log_requests", "line": 61, "process_id": 61613, "thread_id": 8351991872}
{"timestamp": "2025-05-23T05:37:08.940835", "level": "INFO", "name": "root", "message": "Request started: GET /bills/status", "module": "app", "function": "log_requests", "line": 43, "process_id": 61613, "thread_id": 8351991872}
{"timestamp": "2025-05-23T05:37:08.942007", "level": "INFO", "name": "myslt.api", "message": "Initializing SLTAPI client", "module": "api", "function": "__init__", "line": 26, "process_id": 61613, "thread_id": 6264778752}
{"timestamp": "2025-05-23T05:37:08.942386", "level": "INFO", "name": "myslt.api", "message": "Attempting SLT API login", "module": "api", "function": "login", "line": 55, "process_id": 61613, "thread_id": 6264778752}
{"timestamp": "2025-05-23T05:37:11.119710", "level": "INFO", "name": "myslt.api", "message": "Login successful", "module": "api", "function": "login", "line": 82, "process_id": 61613, "thread_id": 6264778752}
{"timestamp": "2025-05-23T05:37:11.616940", "level": "INFO", "name": "myslt.api", "message": "Data successfully fetched from ebill/BillStatusRequest", "module": "api", "function": "fetch_data", "line": 185, "process_id": 61613, "thread_id": 8351991872}
{"timestamp": "2025-05-23T05:37:11.619116", "level": "INFO", "name": "root", "message": "Request completed: GET /bills/status - Status: 200", "module": "app", "function": "log_requests", "line": 61, "process_id": 61613, "thread_id": 8351991872}
{"timestamp": "2025-05-23T05:37:11.623610", "level": "INFO", "name": "root", "message": "Request started: GET /bills/status", "module": "app", "function": "log_requests", "line": 43, "process_id": 61613, "thread_id": 8351991872}
{"timestamp": "2025-05-23T05:37:11.624844", "level": "INFO", "name": "myslt.api", "message": "Initializing SLTAPI client", "module": "api", "function": "__init__", "line": 26, "process_id": 61613, "thread_id": 6264778752}
{"timestamp": "2025-05-23T05:37:11.625772", "level": "INFO", "name": "myslt.api", "message": "Attempting SLT API login", "module": "api", "function": "login", "line": 55, "process_id": 61613, "thread_id": 6264778752}
{"timestamp": "2025-05-23T05:37:13.259128", "level": "INFO", "name": "myslt.api", "message": "Login successful", "module": "api", "function": "login", "line": 82, "process_id": 61613, "thread_id": 6264778752}
{"timestamp": "2025-05-23T05:37:13.701970", "level": "INFO", "name": "myslt.api", "message": "Data successfully fetched from ebill/BillStatusRequest", "module": "api", "function": "fetch_data", "line": 185, "process_id": 61613, "thread_id": 8351991872}
{"timestamp": "2025-05-23T05:37:13.704097", "level": "INFO", "name": "root", "message": "Request completed: GET /bills/status - Status: 200", "module": "app", "function": "log_requests", "line": 61, "process_id": 61613, "thread_id": 8351991872}
{"timestamp": "2025-05-23T05:37:16.437677", "level": "INFO", "name": "root", "message": "Request started: GET /vas/bundles", "module": "app", "function": "log_requests", "line": 43, "process_id": 61613, "thread_id": 8351991872}
{"timestamp": "2025-05-23T05:37:16.438702", "level": "INFO", "name": "myslt.api", "message": "Initializing SLTAPI client", "module": "api", "function": "__init__", "line": 26, "process_id": 61613, "thread_id": 6264778752}
{"timestamp": "2025-05-23T05:37:16.438857", "level": "INFO", "name": "myslt.api", "message": "Attempting SLT API login", "module": "api", "function": "login", "line": 55, "process_id": 61613, "thread_id": 6264778752}
{"timestamp": "2025-05-23T05:37:18.059363", "level": "INFO", "name": "myslt.api", "message": "Login successful", "module": "api", "function": "login", "line": 82, "process_id": 61613, "thread_id": 6264778752}
{"timestamp": "2025-05-23T05:37:18.727008", "level": "INFO", "name": "myslt.api", "message": "Data successfully fetched from BBVAS/GetDashboardVASBundles", "module": "api", "function": "fetch_data", "line": 185, "process_id": 61613, "thread_id": 8351991872}
{"timestamp": "2025-05-23T05:37:18.728904", "level": "INFO", "name": "root", "message": "Request completed: GET /vas/bundles - Status: 200", "module": "app", "function": "log_requests", "line": 61, "process_id": 61613, "thread_id": 8351991872}
{"timestamp": "2025-05-23T05:37:18.731410", "level": "INFO", "name": "root", "message": "Request started: GET /vas/bundles", "module": "app", "function": "log_requests", "line": 43, "process_id": 61613, "thread_id": 8351991872}
{"timestamp": "2025-05-23T05:37:18.732195", "level": "INFO", "name": "myslt.api", "message": "Initializing SLTAPI client", "module": "api", "function": "__init__", "line": 26, "process_id": 61613, "thread_id": 6264778752}
{"timestamp": "2025-05-23T05:37:18.732364", "level": "INFO", "name": "myslt.api", "message": "Attempting SLT API login", "module": "api", "function": "login", "line": 55, "process_id": 61613, "thread_id": 6264778752}
{"timestamp": "2025-05-23T05:37:20.427763", "level": "INFO", "name": "myslt.api", "message": "Login successful", "module": "api", "function": "login", "line": 82, "process_id": 61613, "thread_id": 6264778752}
{"timestamp": "2025-05-23T05:37:21.031287", "level": "INFO", "name": "myslt.api", "message": "Data successfully fetched from BBVAS/GetDashboardVASBundles", "module": "api", "function": "fetch_data", "line": 185, "process_id": 61613, "thread_id": 8351991872}
{"timestamp": "2025-05-23T05:37:21.031852", "level": "INFO", "name": "root", "message": "Request completed: GET /vas/bundles - Status: 200", "module": "app", "function": "log_requests", "line": 61, "process_id": 61613, "thread_id": 8351991872}
{"timestamp": "2025-05-23T05:37:23.728098", "level": "INFO", "name": "root", "message": "Request started: GET /usage/summary", "module": "app", "function": "log_requests", "line": 43, "process_id": 61613, "thread_id": 8351991872}
{"timestamp": "2025-05-23T05:37:23.729541", "level": "INFO", "name": "myslt.api", "message": "Initializing SLTAPI client", "module": "api", "function": "__init__", "line": 26, "process_id": 61613, "thread_id": 6264778752}
{"timestamp": "2025-05-23T05:37:23.729737", "level": "INFO", "name": "myslt.api", "message": "Attempting SLT API login", "module": "api", "function": "login", "line": 55, "process_id": 61613, "thread_id": 6264778752}
{"timestamp": "2025-05-23T05:37:25.325679", "level": "INFO", "name": "myslt.api", "message": "Login successful", "module": "api", "function": "login", "line": 82, "process_id": 61613, "thread_id": 6264778752}
{"timestamp": "2025-05-23T05:37:25.327100", "level": "INFO", "name": "api.routers.usage", "message": "Processing usage summary request", "module": "usage", "function": "get_usage_summary", "line": 24, "process_id": 61613, "thread_id": 8351991872}
{"timestamp": "2025-05-23T05:37:25.973347", "level": "INFO", "name": "myslt.api", "message": "Data successfully fetched from BBVAS/UsageSummary", "module": "api", "function": "fetch_data", "line": 185, "process_id": 61613, "thread_id": 8351991872}
{"timestamp": "2025-05-23T05:37:25.975413", "level": "INFO", "name": "root", "message": "Request completed: GET /usage/summary - Status: 200", "module": "app", "function": "log_requests", "line": 61, "process_id": 61613, "thread_id": 8351991872}
{"timestamp": "2025-05-23T05:37:25.979267", "level": "INFO", "name": "root", "message": "Request started: GET /usage/summary", "module": "app", "function": "log_requests", "line": 43, "process_id": 61613, "thread_id": 8351991872}
{"timestamp": "2025-05-23T05:37:25.981057", "level": "INFO", "name": "myslt.api", "message": "Initializing SLTAPI client", "module": "api", "function": "__init__", "line": 26, "process_id": 61613, "thread_id": 6264778752}
{"timestamp": "2025-05-23T05:37:25.981367", "level": "INFO", "name": "myslt.api", "message": "Attempting SLT API login", "module": "api", "function": "login", "line": 55, "process_id": 61613, "thread_id": 6264778752}
{"timestamp": "2025-05-23T05:37:27.527397", "level": "INFO", "name": "root", "message": "Request started: GET /profile/info", "module": "app", "function": "log_requests", "line": 43, "process_id": 61613, "thread_id": 8351991872}
{"timestamp": "2025-05-23T05:37:27.530131", "level": "INFO", "name": "myslt.api", "message": "Initializing SLTAPI client", "module": "api", "function": "__init__", "line": 26, "process_id": 61613, "thread_id": 6214299648}
{"timestamp": "2025-05-23T05:37:27.530470", "level": "INFO", "name": "myslt.api", "message": "Attempting SLT API login", "module": "api", "function": "login", "line": 55, "process_id": 61613, "thread_id": 6214299648}
{"timestamp": "2025-05-23T05:37:27.606546", "level": "INFO", "name": "myslt.api", "message": "Login successful", "module": "api", "function": "login", "line": 82, "process_id": 61613, "thread_id": 6264778752}
{"timestamp": "2025-05-23T05:37:27.607783", "level": "INFO", "name": "api.routers.usage", "message": "Processing usage summary request", "module": "usage", "function": "get_usage_summary", "line": 24, "process_id": 61613, "thread_id": 8351991872}
{"timestamp": "2025-05-23T05:37:28.228467", "level": "INFO", "name": "myslt.api", "message": "Data successfully fetched from BBVAS/UsageSummary", "module": "api", "function": "fetch_data", "line": 185, "process_id": 61613, "thread_id": 8351991872}
{"timestamp": "2025-05-23T05:37:28.229212", "level": "INFO", "name": "root", "message": "Request completed: GET /usage/summary - Status: 200", "module": "app", "function": "log_requests", "line": 61, "process_id": 61613, "thread_id": 8351991872}
{"timestamp": "2025-05-23T05:37:29.136773", "level": "INFO", "name": "myslt.api", "message": "Login successful", "module": "api", "function": "login", "line": 82, "process_id": 61613, "thread_id": 6214299648}
{"timestamp": "2025-05-23T05:37:29.647018", "level": "INFO", "name": "myslt.api", "message": "Data successfully fetched from VAS/GetProfileRequest", "module": "api", "function": "fetch_data", "line": 185, "process_id": 61613, "thread_id": 8351991872}
{"timestamp": "2025-05-23T05:37:29.649520", "level": "INFO", "name": "root", "message": "Request completed: GET /profile/info - Status: 200", "module": "app", "function": "log_requests", "line": 61, "process_id": 61613, "thread_id": 8351991872}
{"timestamp": "2025-05-23T05:37:29.658565", "level": "INFO", "name": "root", "message": "Request started: GET /profile/info", "module": "app", "function": "log_requests", "line": 43, "process_id": 61613, "thread_id": 8351991872}
{"timestamp": "2025-05-23T05:37:29.660183", "level": "INFO", "name": "myslt.api", "message": "Initializing SLTAPI client", "module": "api", "function": "__init__", "line": 26, "process_id": 61613, "thread_id": 6214299648}
{"timestamp": "2025-05-23T05:37:29.660536", "level": "INFO", "name": "myslt.api", "message": "Attempting SLT API login", "module": "api", "function": "login", "line": 55, "process_id": 61613, "thread_id": 6214299648}
{"timestamp": "2025-05-23T05:37:31.243851", "level": "INFO", "name": "root", "message": "Request started: GET /bills/status", "module": "app", "function": "log_requests", "line": 43, "process_id": 61613, "thread_id": 8351991872}
{"timestamp": "2025-05-23T05:37:31.244869", "level": "INFO", "name": "myslt.api", "message": "Initializing SLTAPI client", "module": "api", "function": "__init__", "line": 26, "process_id": 61613, "thread_id": 6264778752}
{"timestamp": "2025-05-23T05:37:31.245094", "level": "INFO", "name": "myslt.api", "message": "Attempting SLT API login", "module": "api", "function": "login", "line": 55, "process_id": 61613, "thread_id": 6264778752}
{"timestamp": "2025-05-23T05:37:31.282421", "level": "INFO", "name": "myslt.api", "message": "Login successful", "module": "api", "function": "login", "line": 82, "process_id": 61613, "thread_id": 6214299648}
{"timestamp": "2025-05-23T05:37:31.772798", "level": "INFO", "name": "myslt.api", "message": "Data successfully fetched from VAS/GetProfileRequest", "module": "api", "function": "fetch_data", "line": 185, "process_id": 61613, "thread_id": 8351991872}
{"timestamp": "2025-05-23T05:37:31.774907", "level": "INFO", "name": "root", "message": "Request completed: GET /profile/info - Status: 200", "module": "app", "function": "log_requests", "line": 61, "process_id": 61613, "thread_id": 8351991872}
{"timestamp": "2025-05-23T05:37:32.871381", "level": "INFO", "name": "myslt.api", "message": "Login successful", "module": "api", "function": "login", "line": 82, "process_id": 61613, "thread_id": 6264778752}
{"timestamp": "2025-05-23T05:37:33.348666", "level": "INFO", "name": "myslt.api", "message": "Data successfully fetched from ebill/BillStatusRequest", "module": "api", "function": "fetch_data", "line": 185, "process_id": 61613, "thread_id": 8351991872}
{"timestamp": "2025-05-23T05:37:33.349486", "level": "INFO", "name": "root", "message": "Request completed: GET /bills/status - Status: 200", "module": "app", "function": "log_requests", "line": 61, "process_id": 61613, "thread_id": 8351991872}
{"timestamp": "2025-05-23T05:37:33.350590", "level": "INFO", "name": "root", "message": "Request started: GET /bills/status", "module": "app", "function": "log_requests", "line": 43, "process_id": 61613, "thread_id": 8351991872}
{"timestamp": "2025-05-23T05:37:33.351134", "level": "INFO", "name": "myslt.api", "message": "Initializing SLTAPI client", "module": "api", "function": "__init__", "line": 26, "process_id": 61613, "thread_id": 6264778752}
{"timestamp": "2025-05-23T05:37:33.351258", "level": "INFO", "name": "myslt.api", "message": "Attempting SLT API login", "module": "api", "function": "login", "line": 55, "process_id": 61613, "thread_id": 6264778752}
{"timestamp": "2025-05-23T05:37:34.910786", "level": "INFO", "name": "root", "message": "Request started: GET /vas/bundles", "module": "app", "function": "log_requests", "line": 43, "process_id": 61613, "thread_id": 8351991872}
{"timestamp": "2025-05-23T05:37:34.912228", "level": "INFO", "name": "myslt.api", "message": "Initializing SLTAPI client", "module": "api", "function": "__init__", "line": 26, "process_id": 61613, "thread_id": 6214299648}
{"timestamp": "2025-05-23T05:37:34.912460", "level": "INFO", "name": "myslt.api", "message": "Attempting SLT API login", "module": "api", "function": "login", "line": 55, "process_id": 61613, "thread_id": 6214299648}
{"timestamp": "2025-05-23T05:37:35.819095", "level": "INFO", "name": "myslt.api", "message": "Login successful", "module": "api", "function": "login", "line": 82, "process_id": 61613, "thread_id": 6264778752}
{"timestamp": "2025-05-23T05:37:36.293776", "level": "INFO", "name": "myslt.api", "message": "Data successfully fetched from ebill/BillStatusRequest", "module": "api", "function": "fetch_data", "line": 185, "process_id": 61613, "thread_id": 8351991872}
{"timestamp": "2025-05-23T05:37:36.294371", "level": "INFO", "name": "root", "message": "Request completed: GET /bills/status - Status: 200", "module": "app", "function": "log_requests", "line": 61, "process_id": 61613, "thread_id": 8351991872}
{"timestamp": "2025-05-23T05:37:36.543794", "level": "INFO", "name": "myslt.api", "message": "Login successful", "module": "api", "function": "login", "line": 82, "process_id": 61613, "thread_id": 6214299648}
{"timestamp": "2025-05-23T05:37:37.227256", "level": "INFO", "name": "myslt.api", "message": "Data successfully fetched from BBVAS/GetDashboardVASBundles", "module": "api", "function": "fetch_data", "line": 185, "process_id": 61613, "thread_id": 8351991872}
{"timestamp": "2025-05-23T05:37:37.229648", "level": "INFO", "name": "root", "message": "Request completed: GET /vas/bundles - Status: 200", "module": "app", "function": "log_requests", "line": 61, "process_id": 61613, "thread_id": 8351991872}
{"timestamp": "2025-05-23T05:37:37.232158", "level": "INFO", "name": "root", "message": "Request started: GET /vas/bundles", "module": "app", "function": "log_requests", "line": 43, "process_id": 61613, "thread_id": 8351991872}
{"timestamp": "2025-05-23T05:37:37.234836", "level": "INFO", "name": "myslt.api", "message": "Initializing SLTAPI client", "module": "api", "function": "__init__", "line": 26, "process_id": 61613, "thread_id": 6214299648}
{"timestamp": "2025-05-23T05:37:37.235139", "level": "INFO", "name": "myslt.api", "message": "Attempting SLT API login", "module": "api", "function": "login", "line": 55, "process_id": 61613, "thread_id": 6214299648}
{"timestamp": "2025-05-23T05:37:38.815167", "level": "INFO", "name": "myslt.api", "message": "Login successful", "module": "api", "function": "login", "line": 82, "process_id": 61613, "thread_id": 6214299648}
{"timestamp": "2025-05-23T05:37:39.522221", "level": "INFO", "name": "myslt.api", "message": "Data successfully fetched from BBVAS/GetDashboardVASBundles", "module": "api", "function": "fetch_data", "line": 185, "process_id": 61613, "thread_id": 8351991872}
{"timestamp": "2025-05-23T05:37:39.525319", "level": "INFO", "name": "root", "message": "Request completed: GET /vas/bundles - Status: 200", "module": "app", "function": "log_requests", "line": 61, "process_id": 61613, "thread_id": 8351991872}
{"timestamp": "2025-05-23T05:37:40.854249", "level": "INFO", "name": "root", "message": "Request started: GET /usage/summary", "module": "app", "function": "log_requests", "line": 43, "process_id": 61613, "thread_id": 8351991872}
{"timestamp": "2025-05-23T05:37:40.856165", "level": "INFO", "name": "myslt.api", "message": "Initializing SLTAPI client", "module": "api", "function": "__init__", "line": 26, "process_id": 61613, "thread_id": 6214299648}
{"timestamp": "2025-05-23T05:37:40.856945", "level": "INFO", "name": "myslt.api", "message": "Attempting SLT API login", "module": "api", "function": "login", "line": 55, "process_id": 61613, "thread_id": 6214299648}
{"timestamp": "2025-05-23T05:37:40.861050", "level": "INFO", "name": "root", "message": "Request started: GET /profile/info", "module": "app", "function": "log_requests", "line": 43, "process_id": 61613, "thread_id": 8351991872}
{"timestamp": "2025-05-23T05:37:40.861815", "level": "INFO", "name": "root", "message": "Request started: GET /bills/status", "module": "app", "function": "log_requests", "line": 43, "process_id": 61613, "thread_id": 8351991872}
{"timestamp": "2025-05-23T05:37:40.863305", "level": "INFO", "name": "root", "message": "Request started: GET /vas/bundles", "module": "app", "function": "log_requests", "line": 43, "process_id": 61613, "thread_id": 8351991872}
{"timestamp": "2025-05-23T05:37:40.863919", "level": "INFO", "name": "myslt.api", "message": "Initializing SLTAPI client", "module": "api", "function": "__init__", "line": 26, "process_id": 61613, "thread_id": 6264778752}
{"timestamp": "2025-05-23T05:37:40.864131", "level": "INFO", "name": "myslt.api", "message": "Initializing SLTAPI client", "module": "api", "function": "__init__", "line": 26, "process_id": 61613, "thread_id": 6231126016}
{"timestamp": "2025-05-23T05:37:40.864352", "level": "INFO", "name": "myslt.api", "message": "Attempting SLT API login", "module": "api", "function": "login", "line": 55, "process_id": 61613, "thread_id": 6264778752}
{"timestamp": "2025-05-23T05:37:40.864489", "level": "INFO", "name": "myslt.api", "message": "Initializing SLTAPI client", "module": "api", "function": "__init__", "line": 26, "process_id": 61613, "thread_id": 6247952384}
{"timestamp": "2025-05-23T05:37:40.864626", "level": "INFO", "name": "myslt.api", "message": "Attempting SLT API login", "module": "api", "function": "login", "line": 55, "process_id": 61613, "thread_id": 6231126016}
{"timestamp": "2025-05-23T05:37:40.865299", "level": "INFO", "name": "myslt.api", "message": "Attempting SLT API login", "module": "api", "function": "login", "line": 55, "process_id": 61613, "thread_id": 6247952384}
{"timestamp": "2025-05-23T05:37:42.480873", "level": "INFO", "name": "myslt.api", "message": "Login successful", "module": "api", "function": "login", "line": 82, "process_id": 61613, "thread_id": 6231126016}
{"timestamp": "2025-05-23T05:37:42.516692", "level": "INFO", "name": "myslt.api", "message": "Login successful", "module": "api", "function": "login", "line": 82, "process_id": 61613, "thread_id": 6214299648}
{"timestamp": "2025-05-23T05:37:42.550831", "level": "INFO", "name": "myslt.api", "message": "Login successful", "module": "api", "function": "login", "line": 82, "process_id": 61613, "thread_id": 6264778752}
{"timestamp": "2025-05-23T05:37:42.568996", "level": "INFO", "name": "myslt.api", "message": "Login successful", "module": "api", "function": "login", "line": 82, "process_id": 61613, "thread_id": 6247952384}
{"timestamp": "2025-05-23T05:37:42.949648", "level": "INFO", "name": "myslt.api", "message": "Data successfully fetched from ebill/BillStatusRequest", "module": "api", "function": "fetch_data", "line": 185, "process_id": 61613, "thread_id": 8351991872}
{"timestamp": "2025-05-23T05:37:42.950641", "level": "INFO", "name": "api.routers.usage", "message": "Processing usage summary request", "module": "usage", "function": "get_usage_summary", "line": 24, "process_id": 61613, "thread_id": 8351991872}
{"timestamp": "2025-05-23T05:37:43.560584", "level": "INFO", "name": "myslt.api", "message": "Data successfully fetched from BBVAS/UsageSummary", "module": "api", "function": "fetch_data", "line": 185, "process_id": 61613, "thread_id": 8351991872}
{"timestamp": "2025-05-23T05:37:44.025539", "level": "INFO", "name": "myslt.api", "message": "Data successfully fetched from VAS/GetProfileRequest", "module": "api", "function": "fetch_data", "line": 185, "process_id": 61613, "thread_id": 8351991872}
{"timestamp": "2025-05-23T05:37:44.679702", "level": "INFO", "name": "myslt.api", "message": "Data successfully fetched from BBVAS/GetDashboardVASBundles", "module": "api", "function": "fetch_data", "line": 185, "process_id": 61613, "thread_id": 8351991872}
{"timestamp": "2025-05-23T05:37:44.682612", "level": "INFO", "name": "root", "message": "Request completed: GET /bills/status - Status: 200", "module": "app", "function": "log_requests", "line": 61, "process_id": 61613, "thread_id": 8351991872}
{"timestamp": "2025-05-23T05:37:44.684119", "level": "INFO", "name": "root", "message": "Request completed: GET /usage/summary - Status: 200", "module": "app", "function": "log_requests", "line": 61, "process_id": 61613, "thread_id": 8351991872}
{"timestamp": "2025-05-23T05:37:44.684432", "level": "INFO", "name": "root", "message": "Request completed: GET /profile/info - Status: 200", "module": "app", "function": "log_requests", "line": 61, "process_id": 61613, "thread_id": 8351991872}
{"timestamp": "2025-05-23T05:37:44.684658", "level": "INFO", "name": "root", "message": "Request completed: GET /vas/bundles - Status: 200", "module": "app", "function": "log_requests", "line": 61, "process_id": 61613, "thread_id": 8351991872}
{"timestamp": "2025-05-23T05:37:44.703605", "level": "INFO", "name": "root", "message": "Request started: GET /bills/status", "module": "app", "function": "log_requests", "line": 43, "process_id": 61613, "thread_id": 8351991872}
{"timestamp": "2025-05-23T05:37:44.706146", "level": "INFO", "name": "root", "message": "Request started: GET /usage/summary", "module": "app", "function": "log_requests", "line": 43, "process_id": 61613, "thread_id": 8351991872}
{"timestamp": "2025-05-23T05:37:44.706554", "level": "INFO", "name": "root", "message": "Request started: GET /profile/info", "module": "app", "function": "log_requests", "line": 43, "process_id": 61613, "thread_id": 8351991872}
{"timestamp": "2025-05-23T05:37:44.706774", "level": "INFO", "name": "root", "message": "Request started: GET /vas/bundles", "module": "app", "function": "log_requests", "line": 43, "process_id": 61613, "thread_id": 8351991872}
{"timestamp": "2025-05-23T05:37:44.710881", "level": "INFO", "name": "myslt.api", "message": "Initializing SLTAPI client", "module": "api", "function": "__init__", "line": 26, "process_id": 61613, "thread_id": 6247952384}
{"timestamp": "2025-05-23T05:37:44.711863", "level": "INFO", "name": "myslt.api", "message": "Initializing SLTAPI client", "module": "api", "function": "__init__", "line": 26, "process_id": 61613, "thread_id": 6214299648}
{"timestamp": "2025-05-23T05:37:44.715359", "level": "INFO", "name": "myslt.api", "message": "Initializing SLTAPI client", "module": "api", "function": "__init__", "line": 26, "process_id": 61613, "thread_id": 6264778752}
{"timestamp": "2025-05-23T05:37:44.717364", "level": "INFO", "name": "myslt.api", "message": "Attempting SLT API login", "module": "api", "function": "login", "line": 55, "process_id": 61613, "thread_id": 6264778752}
{"timestamp": "2025-05-23T05:37:44.716310", "level": "INFO", "name": "myslt.api", "message": "Attempting SLT API login", "module": "api", "function": "login", "line": 55, "process_id": 61613, "thread_id": 6247952384}
{"timestamp": "2025-05-23T05:37:44.716971", "level": "INFO", "name": "myslt.api", "message": "Attempting SLT API login", "module": "api", "function": "login", "line": 55, "process_id": 61613, "thread_id": 6214299648}
{"timestamp": "2025-05-23T05:37:44.715770", "level": "INFO", "name": "myslt.api", "message": "Initializing SLTAPI client", "module": "api", "function": "__init__", "line": 26, "process_id": 61613, "thread_id": 6231126016}
{"timestamp": "2025-05-23T05:37:44.724885", "level": "INFO", "name": "myslt.api", "message": "Attempting SLT API login", "module": "api", "function": "login", "line": 55, "process_id": 61613, "thread_id": 6231126016}
{"timestamp": "2025-05-23T05:37:46.291196", "level": "INFO", "name": "myslt.api", "message": "Login successful", "module": "api", "function": "login", "line": 82, "process_id": 61613, "thread_id": 6214299648}
{"timestamp": "2025-05-23T05:37:46.311792", "level": "INFO", "name": "myslt.api", "message": "Login successful", "module": "api", "function": "login", "line": 82, "process_id": 61613, "thread_id": 6264778752}
{"timestamp": "2025-05-23T05:37:46.430411", "level": "INFO", "name": "myslt.api", "message": "Login successful", "module": "api", "function": "login", "line": 82, "process_id": 61613, "thread_id": 6231126016}
{"timestamp": "2025-05-23T05:37:46.614485", "level": "INFO", "name": "myslt.api", "message": "Login successful", "module": "api", "function": "login", "line": 82, "process_id": 61613, "thread_id": 6247952384}
{"timestamp": "2025-05-23T05:37:46.809238", "level": "INFO", "name": "myslt.api", "message": "Data successfully fetched from VAS/GetProfileRequest", "module": "api", "function": "fetch_data", "line": 185, "process_id": 61613, "thread_id": 8351991872}
{"timestamp": "2025-05-23T05:37:46.811827", "level": "INFO", "name": "api.routers.usage", "message": "Processing usage summary request", "module": "usage", "function": "get_usage_summary", "line": 24, "process_id": 61613, "thread_id": 8351991872}
{"timestamp": "2025-05-23T05:37:47.464005", "level": "INFO", "name": "myslt.api", "message": "Data successfully fetched from BBVAS/UsageSummary", "module": "api", "function": "fetch_data", "line": 185, "process_id": 61613, "thread_id": 8351991872}
{"timestamp": "2025-05-23T05:37:48.119372", "level": "INFO", "name": "myslt.api", "message": "Data successfully fetched from BBVAS/GetDashboardVASBundles", "module": "api", "function": "fetch_data", "line": 185, "process_id": 61613, "thread_id": 8351991872}
{"timestamp": "2025-05-23T05:37:48.593334", "level": "INFO", "name": "myslt.api", "message": "Data successfully fetched from ebill/BillStatusRequest", "module": "api", "function": "fetch_data", "line": 185, "process_id": 61613, "thread_id": 8351991872}
{"timestamp": "2025-05-23T05:37:48.595217", "level": "INFO", "name": "root", "message": "Request completed: GET /profile/info - Status: 200", "module": "app", "function": "log_requests", "line": 61, "process_id": 61613, "thread_id": 8351991872}
{"timestamp": "2025-05-23T05:37:48.596289", "level": "INFO", "name": "root", "message": "Request completed: GET /usage/summary - Status: 200", "module": "app", "function": "log_requests", "line": 61, "process_id": 61613, "thread_id": 8351991872}
{"timestamp": "2025-05-23T05:37:48.596586", "level": "INFO", "name": "root", "message": "Request completed: GET /vas/bundles - Status: 200", "module": "app", "function": "log_requests", "line": 61, "process_id": 61613, "thread_id": 8351991872}
{"timestamp": "2025-05-23T05:37:48.596848", "level": "INFO", "name": "root", "message": "Request completed: GET /bills/status - Status: 200", "module": "app", "function": "log_requests", "line": 61, "process_id": 61613, "thread_id": 8351991872}
{"timestamp": "2025-05-23T05:37:48.600144", "level": "INFO", "name": "root", "message": "Request started: GET /usage/summary", "module": "app", "function": "log_requests", "line": 43, "process_id": 61613, "thread_id": 8351991872}
{"timestamp": "2025-05-23T05:37:48.601545", "level": "INFO", "name": "myslt.api", "message": "Initializing SLTAPI client", "module": "api", "function": "__init__", "line": 26, "process_id": 61613, "thread_id": 6247952384}
{"timestamp": "2025-05-23T05:37:48.601721", "level": "INFO", "name": "myslt.api", "message": "Attempting SLT API login", "module": "api", "function": "login", "line": 55, "process_id": 61613, "thread_id": 6247952384}
{"timestamp": "2025-05-23T05:37:50.219373", "level": "INFO", "name": "myslt.api", "message": "Login successful", "module": "api", "function": "login", "line": 82, "process_id": 61613, "thread_id": 6247952384}
{"timestamp": "2025-05-23T05:37:50.220838", "level": "INFO", "name": "api.routers.usage", "message": "Processing usage summary request", "module": "usage", "function": "get_usage_summary", "line": 24, "process_id": 61613, "thread_id": 8351991872}
{"timestamp": "2025-05-23T05:37:51.048645", "level": "INFO", "name": "myslt.api", "message": "Data successfully fetched from BBVAS/UsageSummary", "module": "api", "function": "fetch_data", "line": 185, "process_id": 61613, "thread_id": 8351991872}
{"timestamp": "2025-05-23T05:37:51.049839", "level": "INFO", "name": "root", "message": "Request completed: GET /usage/summary - Status: 200", "module": "app", "function": "log_requests", "line": 61, "process_id": 61613, "thread_id": 8351991872}
{"timestamp": "2025-05-23T05:37:51.051349", "level": "INFO", "name": "root", "message": "Request started: GET /usage/summary", "module": "app", "function": "log_requests", "line": 43, "process_id": 61613, "thread_id": 8351991872}
{"timestamp": "2025-05-23T05:37:51.052032", "level": "INFO", "name": "myslt.api", "message": "Initializing SLTAPI client", "module": "api", "function": "__init__", "line": 26, "process_id": 61613, "thread_id": 6247952384}
{"timestamp": "2025-05-23T05:37:51.052185", "level": "INFO", "name": "myslt.api", "message": "Attempting SLT API login", "module": "api", "function": "login", "line": 55, "process_id": 61613, "thread_id": 6247952384}
{"timestamp": "2025-05-23T05:37:52.710265", "level": "INFO", "name": "myslt.api", "message": "Login successful", "module": "api", "function": "login", "line": 82, "process_id": 61613, "thread_id": 6247952384}
{"timestamp": "2025-05-23T05:37:52.711985", "level": "INFO", "name": "api.routers.usage", "message": "Processing usage summary request", "module": "usage", "function": "get_usage_summary", "line": 24, "process_id": 61613, "thread_id": 8351991872}
{"timestamp": "2025-05-23T05:37:53.319816", "level": "INFO", "name": "myslt.api", "message": "Data successfully fetched from BBVAS/UsageSummary", "module": "api", "function": "fetch_data", "line": 185, "process_id": 61613, "thread_id": 8351991872}
{"timestamp": "2025-05-23T05:37:53.320564", "level": "INFO", "name": "root", "message": "Request completed: GET /usage/summary - Status: 200", "module": "app", "function": "log_requests", "line": 61, "process_id": 61613, "thread_id": 8351991872}
{"timestamp": "2025-05-23T05:39:06.517644", "level": "INFO", "name": "root", "message": "API server shutting down", "module": "app", "function": "shutdown_event", "line": 144, "process_id": 61613, "thread_id": 8351991872}
{"timestamp": "2025-05-23T05:39:14.184584", "level": "INFO", "name": "root", "message": "Logging initialized for api_server application", "module": "logging_config", "function": "setup_logging", "line": 129, "process_id": 62200, "thread_id": 8351991872}
{"timestamp": "2025-05-23T05:39:14.194151", "level": "INFO", "name": "root", "message": "API server starting up", "module": "app", "function": "startup_event", "line": 135, "process_id": 62200, "thread_id": 8351991872}
{"timestamp": "2025-05-23T05:39:19.349540", "level": "INFO", "name": "root", "message": "Request started: GET /usage/summary", "module": "app", "function": "log_requests", "line": 43, "process_id": 62200, "thread_id": 8351991872}
{"timestamp": "2025-05-23T05:39:19.353151", "level": "INFO", "name": "root", "message": "Request started: GET /profile/info", "module": "app", "function": "log_requests", "line": 43, "process_id": 62200, "thread_id": 8351991872}
{"timestamp": "2025-05-23T05:39:19.353926", "level": "INFO", "name": "root", "message": "Request started: GET /bills/status", "module": "app", "function": "log_requests", "line": 43, "process_id": 62200, "thread_id": 8351991872}
{"timestamp": "2025-05-23T05:39:19.355098", "level": "INFO", "name": "myslt.api", "message": "Initializing SLTAPI client", "module": "api", "function": "__init__", "line": 26, "process_id": 62200, "thread_id": 6138785792}
{"timestamp": "2025-05-23T05:39:19.355580", "level": "INFO", "name": "root", "message": "Request started: GET /vas/bundles", "module": "app", "function": "log_requests", "line": 43, "process_id": 62200, "thread_id": 8351991872}
{"timestamp": "2025-05-23T05:39:19.355649", "level": "INFO", "name": "myslt.api", "message": "Attempting SLT API login", "module": "api", "function": "login", "line": 55, "process_id": 62200, "thread_id": 6138785792}
{"timestamp": "2025-05-23T05:39:19.356029", "level": "INFO", "name": "root", "message": "Request started: GET /health", "module": "app", "function": "log_requests", "line": 43, "process_id": 62200, "thread_id": 8351991872}
{"timestamp": "2025-05-23T05:39:19.356068", "level": "INFO", "name": "myslt.api", "message": "Initializing SLTAPI client", "module": "api", "function": "__init__", "line": 26, "process_id": 62200, "thread_id": 6155612160}
{"timestamp": "2025-05-23T05:39:19.356641", "level": "INFO", "name": "myslt.api", "message": "Attempting SLT API login", "module": "api", "function": "login", "line": 55, "process_id": 62200, "thread_id": 6155612160}
{"timestamp": "2025-05-23T05:39:19.357118", "level": "INFO", "name": "myslt.api", "message": "Initializing SLTAPI client", "module": "api", "function": "__init__", "line": 26, "process_id": 62200, "thread_id": 6172438528}
{"timestamp": "2025-05-23T05:39:19.357294", "level": "INFO", "name": "myslt.api", "message": "Attempting SLT API login", "module": "api", "function": "login", "line": 55, "process_id": 62200, "thread_id": 6172438528}
{"timestamp": "2025-05-23T05:39:19.357331", "level": "INFO", "name": "myslt.api", "message": "Initializing SLTAPI client", "module": "api", "function": "__init__", "line": 26, "process_id": 62200, "thread_id": 6189264896}
{"timestamp": "2025-05-23T05:39:19.357441", "level": "INFO", "name": "root", "message": "Request completed: GET /health - Status: 200", "module": "app", "function": "log_requests", "line": 61, "process_id": 62200, "thread_id": 8351991872}
{"timestamp": "2025-05-23T05:39:19.358770", "level": "INFO", "name": "myslt.api", "message": "Attempting SLT API login", "module": "api", "function": "login", "line": 55, "process_id": 62200, "thread_id": 6189264896}
{"timestamp": "2025-05-23T05:39:19.369173", "level": "INFO", "name": "root", "message": "Request started: GET /health", "module": "app", "function": "log_requests", "line": 43, "process_id": 62200, "thread_id": 8351991872}
{"timestamp": "2025-05-23T05:39:19.370406", "level": "INFO", "name": "root", "message": "Request completed: GET /health - Status: 200", "module": "app", "function": "log_requests", "line": 61, "process_id": 62200, "thread_id": 8351991872}
{"timestamp": "2025-05-23T05:39:21.022711", "level": "INFO", "name": "myslt.api", "message": "Login successful", "module": "api", "function": "login", "line": 82, "process_id": 62200, "thread_id": 6189264896}
{"timestamp": "2025-05-23T05:39:21.052047", "level": "INFO", "name": "myslt.api", "message": "Login successful", "module": "api", "function": "login", "line": 82, "process_id": 62200, "thread_id": 6155612160}
{"timestamp": "2025-05-23T05:39:21.087054", "level": "INFO", "name": "myslt.api", "message": "Login successful", "module": "api", "function": "login", "line": 82, "process_id": 62200, "thread_id": 6172438528}
{"timestamp": "2025-05-23T05:39:21.155729", "level": "INFO", "name": "myslt.api", "message": "Login successful", "module": "api", "function": "login", "line": 82, "process_id": 62200, "thread_id": 6138785792}
{"timestamp": "2025-05-23T05:39:21.641030", "level": "INFO", "name": "myslt.api", "message": "Data successfully fetched from BBVAS/GetDashboardVASBundles", "module": "api", "function": "fetch_data", "line": 185, "process_id": 62200, "thread_id": 8351991872}
{"timestamp": "2025-05-23T05:39:22.096780", "level": "INFO", "name": "myslt.api", "message": "Data successfully fetched from VAS/GetProfileRequest", "module": "api", "function": "fetch_data", "line": 185, "process_id": 62200, "thread_id": 8351991872}
{"timestamp": "2025-05-23T05:39:22.549341", "level": "INFO", "name": "myslt.api", "message": "Data successfully fetched from ebill/BillStatusRequest", "module": "api", "function": "fetch_data", "line": 185, "process_id": 62200, "thread_id": 8351991872}
{"timestamp": "2025-05-23T05:39:22.550143", "level": "INFO", "name": "api.routers.usage", "message": "Processing usage summary request", "module": "usage", "function": "get_usage_summary", "line": 24, "process_id": 62200, "thread_id": 8351991872}
{"timestamp": "2025-05-23T05:39:23.169576", "level": "INFO", "name": "myslt.api", "message": "Data successfully fetched from BBVAS/UsageSummary", "module": "api", "function": "fetch_data", "line": 185, "process_id": 62200, "thread_id": 8351991872}
{"timestamp": "2025-05-23T05:39:23.171088", "level": "INFO", "name": "root", "message": "Request completed: GET /vas/bundles - Status: 200", "module": "app", "function": "log_requests", "line": 61, "process_id": 62200, "thread_id": 8351991872}
{"timestamp": "2025-05-23T05:39:23.172348", "level": "INFO", "name": "root", "message": "Request completed: GET /profile/info - Status: 200", "module": "app", "function": "log_requests", "line": 61, "process_id": 62200, "thread_id": 8351991872}
{"timestamp": "2025-05-23T05:39:23.173470", "level": "INFO", "name": "root", "message": "Request completed: GET /bills/status - Status: 200", "module": "app", "function": "log_requests", "line": 61, "process_id": 62200, "thread_id": 8351991872}
{"timestamp": "2025-05-23T05:39:23.174002", "level": "INFO", "name": "root", "message": "Request completed: GET /usage/summary - Status: 200", "module": "app", "function": "log_requests", "line": 61, "process_id": 62200, "thread_id": 8351991872}
{"timestamp": "2025-05-23T05:39:23.175840", "level": "INFO", "name": "root", "message": "Request started: GET /vas/bundles", "module": "app", "function": "log_requests", "line": 43, "process_id": 62200, "thread_id": 8351991872}
{"timestamp": "2025-05-23T05:39:23.179485", "level": "INFO", "name": "root", "message": "Request started: GET /usage/summary", "module": "app", "function": "log_requests", "line": 43, "process_id": 62200, "thread_id": 8351991872}
{"timestamp": "2025-05-23T05:39:23.182838", "level": "INFO", "name": "root", "message": "Request started: GET /bills/status", "module": "app", "function": "log_requests", "line": 43, "process_id": 62200, "thread_id": 8351991872}
{"timestamp": "2025-05-23T05:39:23.183156", "level": "INFO", "name": "myslt.api", "message": "Initializing SLTAPI client", "module": "api", "function": "__init__", "line": 26, "process_id": 62200, "thread_id": 6138785792}
{"timestamp": "2025-05-23T05:39:23.183993", "level": "INFO", "name": "root", "message": "Request started: GET /profile/info", "module": "app", "function": "log_requests", "line": 43, "process_id": 62200, "thread_id": 8351991872}
{"timestamp": "2025-05-23T05:39:23.184426", "level": "INFO", "name": "myslt.api", "message": "Attempting SLT API login", "module": "api", "function": "login", "line": 55, "process_id": 62200, "thread_id": 6138785792}
{"timestamp": "2025-05-23T05:39:23.188713", "level": "INFO", "name": "myslt.api", "message": "Initializing SLTAPI client", "module": "api", "function": "__init__", "line": 26, "process_id": 62200, "thread_id": 6172438528}
{"timestamp": "2025-05-23T05:39:23.188992", "level": "INFO", "name": "myslt.api", "message": "Initializing SLTAPI client", "module": "api", "function": "__init__", "line": 26, "process_id": 62200, "thread_id": 6189264896}
{"timestamp": "2025-05-23T05:39:23.190141", "level": "INFO", "name": "myslt.api", "message": "Initializing SLTAPI client", "module": "api", "function": "__init__", "line": 26, "process_id": 62200, "thread_id": 6155612160}
{"timestamp": "2025-05-23T05:39:23.190293", "level": "INFO", "name": "myslt.api", "message": "Attempting SLT API login", "module": "api", "function": "login", "line": 55, "process_id": 62200, "thread_id": 6172438528}
{"timestamp": "2025-05-23T05:39:23.190811", "level": "INFO", "name": "myslt.api", "message": "Attempting SLT API login", "module": "api", "function": "login", "line": 55, "process_id": 62200, "thread_id": 6189264896}
{"timestamp": "2025-05-23T05:39:23.191010", "level": "INFO", "name": "myslt.api", "message": "Attempting SLT API login", "module": "api", "function": "login", "line": 55, "process_id": 62200, "thread_id": 6155612160}
{"timestamp": "2025-05-23T05:39:24.834513", "level": "INFO", "name": "myslt.api", "message": "Login successful", "module": "api", "function": "login", "line": 82, "process_id": 62200, "thread_id": 6155612160}
{"timestamp": "2025-05-23T05:39:24.862137", "level": "INFO", "name": "myslt.api", "message": "Login successful", "module": "api", "function": "login", "line": 82, "process_id": 62200, "thread_id": 6138785792}
{"timestamp": "2025-05-23T05:39:24.901056", "level": "INFO", "name": "myslt.api", "message": "Login successful", "module": "api", "function": "login", "line": 82, "process_id": 62200, "thread_id": 6189264896}
{"timestamp": "2025-05-23T05:39:24.956415", "level": "INFO", "name": "myslt.api", "message": "Login successful", "module": "api", "function": "login", "line": 82, "process_id": 62200, "thread_id": 6172438528}
{"timestamp": "2025-05-23T05:39:25.354734", "level": "INFO", "name": "myslt.api", "message": "Data successfully fetched from ebill/BillStatusRequest", "module": "api", "function": "fetch_data", "line": 185, "process_id": 62200, "thread_id": 8351991872}
{"timestamp": "2025-05-23T05:39:26.044667", "level": "INFO", "name": "myslt.api", "message": "Data successfully fetched from BBVAS/GetDashboardVASBundles", "module": "api", "function": "fetch_data", "line": 185, "process_id": 62200, "thread_id": 8351991872}
{"timestamp": "2025-05-23T05:39:26.491840", "level": "INFO", "name": "myslt.api", "message": "Data successfully fetched from VAS/GetProfileRequest", "module": "api", "function": "fetch_data", "line": 185, "process_id": 62200, "thread_id": 8351991872}
{"timestamp": "2025-05-23T05:39:26.493877", "level": "INFO", "name": "api.routers.usage", "message": "Processing usage summary request", "module": "usage", "function": "get_usage_summary", "line": 24, "process_id": 62200, "thread_id": 8351991872}
{"timestamp": "2025-05-23T05:39:27.230918", "level": "INFO", "name": "myslt.api", "message": "Data successfully fetched from BBVAS/UsageSummary", "module": "api", "function": "fetch_data", "line": 185, "process_id": 62200, "thread_id": 8351991872}
{"timestamp": "2025-05-23T05:39:27.231908", "level": "INFO", "name": "root", "message": "Request completed: GET /bills/status - Status: 200", "module": "app", "function": "log_requests", "line": 61, "process_id": 62200, "thread_id": 8351991872}
{"timestamp": "2025-05-23T05:39:27.232994", "level": "INFO", "name": "root", "message": "Request completed: GET /vas/bundles - Status: 200", "module": "app", "function": "log_requests", "line": 61, "process_id": 62200, "thread_id": 8351991872}
{"timestamp": "2025-05-23T05:39:27.233273", "level": "INFO", "name": "root", "message": "Request completed: GET /profile/info - Status: 200", "module": "app", "function": "log_requests", "line": 61, "process_id": 62200, "thread_id": 8351991872}
{"timestamp": "2025-05-23T05:39:27.233515", "level": "INFO", "name": "root", "message": "Request completed: GET /usage/summary - Status: 200", "module": "app", "function": "log_requests", "line": 61, "process_id": 62200, "thread_id": 8351991872}
{"timestamp": "2025-05-23T05:39:27.239236", "level": "INFO", "name": "root", "message": "Request started: GET /usage/summary", "module": "app", "function": "log_requests", "line": 43, "process_id": 62200, "thread_id": 8351991872}
{"timestamp": "2025-05-23T05:39:27.240186", "level": "INFO", "name": "myslt.api", "message": "Initializing SLTAPI client", "module": "api", "function": "__init__", "line": 26, "process_id": 62200, "thread_id": 6172438528}
{"timestamp": "2025-05-23T05:39:27.240324", "level": "INFO", "name": "myslt.api", "message": "Attempting SLT API login", "module": "api", "function": "login", "line": 55, "process_id": 62200, "thread_id": 6172438528}
{"timestamp": "2025-05-23T05:39:27.459265", "level": "INFO", "name": "root", "message": "Request started: GET /profile/info", "module": "app", "function": "log_requests", "line": 43, "process_id": 62200, "thread_id": 8351991872}
{"timestamp": "2025-05-23T05:39:27.461121", "level": "INFO", "name": "myslt.api", "message": "Initializing SLTAPI client", "module": "api", "function": "__init__", "line": 26, "process_id": 62200, "thread_id": 6189264896}
{"timestamp": "2025-05-23T05:39:27.461533", "level": "INFO", "name": "myslt.api", "message": "Attempting SLT API login", "module": "api", "function": "login", "line": 55, "process_id": 62200, "thread_id": 6189264896}
{"timestamp": "2025-05-23T05:39:29.190218", "level": "INFO", "name": "myslt.api", "message": "Login successful", "module": "api", "function": "login", "line": 82, "process_id": 62200, "thread_id": 6172438528}
{"timestamp": "2025-05-23T05:39:29.191777", "level": "INFO", "name": "api.routers.usage", "message": "Processing usage summary request", "module": "usage", "function": "get_usage_summary", "line": 24, "process_id": 62200, "thread_id": 8351991872}
{"timestamp": "2025-05-23T05:39:29.445668", "level": "INFO", "name": "myslt.api", "message": "Login successful", "module": "api", "function": "login", "line": 82, "process_id": 62200, "thread_id": 6189264896}
{"timestamp": "2025-05-23T05:39:29.941155", "level": "INFO", "name": "myslt.api", "message": "Data successfully fetched from BBVAS/UsageSummary", "module": "api", "function": "fetch_data", "line": 185, "process_id": 62200, "thread_id": 8351991872}
{"timestamp": "2025-05-23T05:39:30.463799", "level": "INFO", "name": "myslt.api", "message": "Data successfully fetched from VAS/GetProfileRequest", "module": "api", "function": "fetch_data", "line": 185, "process_id": 62200, "thread_id": 8351991872}
{"timestamp": "2025-05-23T05:39:30.465030", "level": "INFO", "name": "root", "message": "Request completed: GET /usage/summary - Status: 200", "module": "app", "function": "log_requests", "line": 61, "process_id": 62200, "thread_id": 8351991872}
{"timestamp": "2025-05-23T05:39:30.465912", "level": "INFO", "name": "root", "message": "Request completed: GET /profile/info - Status: 200", "module": "app", "function": "log_requests", "line": 61, "process_id": 62200, "thread_id": 8351991872}
{"timestamp": "2025-05-23T05:39:30.471360", "level": "INFO", "name": "root", "message": "Request started: GET /profile/info", "module": "app", "function": "log_requests", "line": 43, "process_id": 62200, "thread_id": 8351991872}
{"timestamp": "2025-05-23T05:39:30.472173", "level": "INFO", "name": "root", "message": "Request started: GET /usage/summary", "module": "app", "function": "log_requests", "line": 43, "process_id": 62200, "thread_id": 8351991872}
{"timestamp": "2025-05-23T05:39:30.473534", "level": "INFO", "name": "myslt.api", "message": "Initializing SLTAPI client", "module": "api", "function": "__init__", "line": 26, "process_id": 62200, "thread_id": 6189264896}
{"timestamp": "2025-05-23T05:39:30.473723", "level": "INFO", "name": "myslt.api", "message": "Initializing SLTAPI client", "module": "api", "function": "__init__", "line": 26, "process_id": 62200, "thread_id": 6172438528}
{"timestamp": "2025-05-23T05:39:30.474200", "level": "INFO", "name": "myslt.api", "message": "Attempting SLT API login", "module": "api", "function": "login", "line": 55, "process_id": 62200, "thread_id": 6189264896}
{"timestamp": "2025-05-23T05:39:30.474421", "level": "INFO", "name": "myslt.api", "message": "Attempting SLT API login", "module": "api", "function": "login", "line": 55, "process_id": 62200, "thread_id": 6172438528}
{"timestamp": "2025-05-23T05:39:32.355544", "level": "INFO", "name": "myslt.api", "message": "Login successful", "module": "api", "function": "login", "line": 82, "process_id": 62200, "thread_id": 6189264896}
{"timestamp": "2025-05-23T05:39:32.483406", "level": "INFO", "name": "myslt.api", "message": "Login successful", "module": "api", "function": "login", "line": 82, "process_id": 62200, "thread_id": 6172438528}
{"timestamp": "2025-05-23T05:39:33.083082", "level": "INFO", "name": "myslt.api", "message": "Data successfully fetched from VAS/GetProfileRequest", "module": "api", "function": "fetch_data", "line": 185, "process_id": 62200, "thread_id": 8351991872}
{"timestamp": "2025-05-23T05:39:33.085285", "level": "INFO", "name": "api.routers.usage", "message": "Processing usage summary request", "module": "usage", "function": "get_usage_summary", "line": 24, "process_id": 62200, "thread_id": 8351991872}
{"timestamp": "2025-05-23T05:39:33.826776", "level": "INFO", "name": "myslt.api", "message": "Data successfully fetched from BBVAS/UsageSummary", "module": "api", "function": "fetch_data", "line": 185, "process_id": 62200, "thread_id": 8351991872}
{"timestamp": "2025-05-23T05:39:33.828332", "level": "INFO", "name": "root", "message": "Request completed: GET /profile/info - Status: 200", "module": "app", "function": "log_requests", "line": 61, "process_id": 62200, "thread_id": 8351991872}
{"timestamp": "2025-05-23T05:39:33.829341", "level": "INFO", "name": "root", "message": "Request completed: GET /usage/summary - Status: 200", "module": "app", "function": "log_requests", "line": 61, "process_id": 62200, "thread_id": 8351991872}
{"timestamp": "2025-05-23T05:39:33.831683", "level": "INFO", "name": "root", "message": "Request started: GET /usage/summary", "module": "app", "function": "log_requests", "line": 43, "process_id": 62200, "thread_id": 8351991872}
{"timestamp": "2025-05-23T05:39:33.832478", "level": "INFO", "name": "myslt.api", "message": "Initializing SLTAPI client", "module": "api", "function": "__init__", "line": 26, "process_id": 62200, "thread_id": 6172438528}
{"timestamp": "2025-05-23T05:39:33.832667", "level": "INFO", "name": "myslt.api", "message": "Attempting SLT API login", "module": "api", "function": "login", "line": 55, "process_id": 62200, "thread_id": 6172438528}
{"timestamp": "2025-05-23T05:39:35.589558", "level": "INFO", "name": "myslt.api", "message": "Login successful", "module": "api", "function": "login", "line": 82, "process_id": 62200, "thread_id": 6172438528}
{"timestamp": "2025-05-23T05:39:35.590733", "level": "INFO", "name": "api.routers.usage", "message": "Processing usage summary request", "module": "usage", "function": "get_usage_summary", "line": 24, "process_id": 62200, "thread_id": 8351991872}
{"timestamp": "2025-05-23T05:39:36.204423", "level": "INFO", "name": "myslt.api", "message": "Data successfully fetched from BBVAS/UsageSummary", "module": "api", "function": "fetch_data", "line": 185, "process_id": 62200, "thread_id": 8351991872}
{"timestamp": "2025-05-23T05:39:36.207161", "level": "INFO", "name": "root", "message": "Request completed: GET /usage/summary - Status: 200", "module": "app", "function": "log_requests", "line": 61, "process_id": 62200, "thread_id": 8351991872}
{"timestamp": "2025-05-23T05:39:36.209427", "level": "INFO", "name": "root", "message": "Request started: GET /usage/summary", "module": "app", "function": "log_requests", "line": 43, "process_id": 62200, "thread_id": 8351991872}
{"timestamp": "2025-05-23T05:39:36.213361", "level": "INFO", "name": "myslt.api", "message": "Initializing SLTAPI client", "module": "api", "function": "__init__", "line": 26, "process_id": 62200, "thread_id": 6172438528}
{"timestamp": "2025-05-23T05:39:36.213737", "level": "INFO", "name": "myslt.api", "message": "Attempting SLT API login", "module": "api", "function": "login", "line": 55, "process_id": 62200, "thread_id": 6172438528}
{"timestamp": "2025-05-23T05:39:37.816727", "level": "INFO", "name": "myslt.api", "message": "Login successful", "module": "api", "function": "login", "line": 82, "process_id": 62200, "thread_id": 6172438528}
{"timestamp": "2025-05-23T05:39:37.818068", "level": "INFO", "name": "api.routers.usage", "message": "Processing usage summary request", "module": "usage", "function": "get_usage_summary", "line": 24, "process_id": 62200, "thread_id": 8351991872}
{"timestamp": "2025-05-23T05:39:38.477140", "level": "INFO", "name": "myslt.api", "message": "Data successfully fetched from BBVAS/UsageSummary", "module": "api", "function": "fetch_data", "line": 185, "process_id": 62200, "thread_id": 8351991872}
{"timestamp": "2025-05-23T05:39:38.479897", "level": "INFO", "name": "root", "message": "Request completed: GET /usage/summary - Status: 200", "module": "app", "function": "log_requests", "line": 61, "process_id": 62200, "thread_id": 8351991872}
{"timestamp": "2025-05-23T05:42:39.522123", "level": "INFO", "name": "root", "message": "API server shutting down", "module": "app", "function": "shutdown_event", "line": 144, "process_id": 62200, "thread_id": 8351991872}
{"timestamp": "2025-05-23T05:42:46.997210", "level": "INFO", "name": "root", "message": "Logging initialized for api_server application", "module": "logging_config", "function": "setup_logging", "line": 129, "process_id": 63147, "thread_id": 8351991872}
{"timestamp": "2025-05-23T05:42:47.006816", "level": "INFO", "name": "root", "message": "API server starting up", "module": "app", "function": "startup_event", "line": 135, "process_id": 63147, "thread_id": 8351991872}
