{"timestamp": "2025-05-23T05:20:49.204703", "level": "INFO", "name": "root", "message": "Logging initialized for myslt application", "module": "logging_config", "function": "setup_logging", "line": 129, "process_id": 58499, "thread_id": 8351991872}
{"timestamp": "2025-05-23T05:20:49.205307", "level": "INFO", "name": "root", "message": "Logging initialized for myslt application", "module": "logging_config", "function": "setup_logging", "line": 129, "process_id": 58499, "thread_id": 8351991872}
{"timestamp": "2025-05-23T05:20:49.205659", "level": "INFO", "name": "root", "message": "Logging initialized for myslt application", "module": "logging_config", "function": "setup_logging", "line": 129, "process_id": 58499, "thread_id": 8351991872}
{"timestamp": "2025-05-23T05:20:49.205892", "level": "INFO", "name": "root", "message": "Logging initialized for myslt application", "module": "logging_config", "function": "setup_logging", "line": 129, "process_id": 58499, "thread_id": 8351991872}
{"timestamp": "2025-05-23T05:20:49.205961", "level": "INFO", "name": "myslt.api", "message": "Initializing SLTAPI client", "module": "api", "function": "__init__", "line": 26, "process_id": 58499, "thread_id": 8351991872}
{"timestamp": "2025-05-23T05:20:49.206018", "level": "INFO", "name": "myslt.api", "message": "Attempting SLT API login", "module": "api", "function": "login", "line": 55, "process_id": 58499, "thread_id": 8351991872}
{"timestamp": "2025-05-23T05:20:49.575572", "level": "ERROR", "name": "myslt.api", "message": "SLT API login failed", "module": "api", "function": "login", "line": 101, "process_id": 58499, "thread_id": 8351991872, "exception": {"type": "HTTPError", "message": "503 Server Error: Service Unavailable for url: https://omniscapp.slt.lk/mobitelint/slt/api/Account/Login", "traceback": ["Traceback (most recent call last):\n", "  File \"/Users/himasha/Desktop/Projects/MySLT_Bot/myslt/api.py\", line 73, in login\n    response.raise_for_status()\n", "  File \"/Users/himasha/.pyenv/versions/3.9.16/lib/python3.9/site-packages/requests/models.py\", line 1024, in raise_for_status\n    raise HTTPError(http_error_msg, response=self)\n", "requests.exceptions.HTTPError: 503 Server Error: Service Unavailable for url: https://omniscapp.slt.lk/mobitelint/slt/api/Account/Login\n"]}}
{"timestamp": "2025-05-23T05:20:49.576771", "level": "CRITICAL", "name": "commands.notifications", "message": "Failed to initialize SLTAPI: Login failed: 503 Server Error: Service Unavailable for url: https://omniscapp.slt.lk/mobitelint/slt/api/Account/Login", "module": "notifications", "function": "<module>", "line": 26, "process_id": 58499, "thread_id": 8351991872}
{"timestamp": "2025-05-23T05:20:49.577860", "level": "INFO", "name": "commands.notifications", "message": "NotificationsCommands Cog initialized.", "module": "notifications", "function": "__init__", "line": 34, "process_id": 58499, "thread_id": 8351991872}
{"timestamp": "2025-05-23T05:20:49.578176", "level": "INFO", "name": "commands.notifications", "message": "[2025-05-23 05:20:49.577631+05:30] NotificationsCommands Cog loaded successfully.", "module": "notifications", "function": "setup", "line": 252, "process_id": 58499, "thread_id": 8351991872}
{"timestamp": "2025-05-23T05:20:49.578323", "level": "INFO", "name": "root", "message": "Loaded extension: commands.notifications", "module": "Bot", "function": "setup_extensions", "line": 93, "process_id": 58499, "thread_id": 8351991872}
{"timestamp": "2025-05-23T05:20:49.578452", "level": "INFO", "name": "root", "message": "Extension loading complete", "module": "Bot", "function": "setup_extensions", "line": 110, "process_id": 58499, "thread_id": 8351991872}
{"timestamp": "2025-05-23T05:20:49.578570", "level": "INFO", "name": "root", "message": "Starting bot connection", "module": "Bot", "function": "main", "line": 128, "process_id": 58499, "thread_id": 8351991872}
{"timestamp": "2025-05-23T05:20:49.578693", "level": "INFO", "name": "discord.client", "message": "logging in using static token", "module": "client", "function": "login", "line": 643, "process_id": 58499, "thread_id": 8351991872}
{"timestamp": "2025-05-23T05:20:49.582159", "level": "ERROR", "name": "commands.notifications", "message": "Error in spike_detection_task: SLT API is not initialized.", "module": "notifications", "function": "spike_detection_task", "line": 84, "process_id": 58499, "thread_id": 8351991872}
{"timestamp": "2025-05-23T05:20:49.582740", "level": "ERROR", "name": "commands.notifications", "message": "Error in daily_summary_task: SLT API is not initialized.", "module": "notifications", "function": "daily_summary_task", "line": 99, "process_id": 58499, "thread_id": 8351991872}
{"timestamp": "2025-05-23T05:20:49.582987", "level": "ERROR", "name": "commands.notifications", "message": "Error in bills_notification_task: SLT API is not initialized.", "module": "notifications", "function": "bills_notification_task", "line": 113, "process_id": 58499, "thread_id": 8351991872}
{"timestamp": "2025-05-23T05:20:49.583195", "level": "ERROR", "name": "commands.notifications", "message": "Error in vas_bundles_notification_task: SLT API is not initialized.", "module": "notifications", "function": "vas_bundles_notification_task", "line": 152, "process_id": 58499, "thread_id": 8351991872}
{"timestamp": "2025-05-23T05:20:51.854219", "level": "INFO", "name": "discord.gateway", "message": "Shard ID None has connected to Gateway (Session ID: 7a90b9534f524acdd9465b0b89c303ae).", "module": "gateway", "function": "received_message", "line": 562, "process_id": 58499, "thread_id": 8351991872}
{"timestamp": "2025-05-23T05:20:53.857791", "level": "INFO", "name": "root", "message": "Bot is online as MySLT#7820", "module": "Bot", "function": "on_ready", "line": 40, "process_id": 58499, "thread_id": 8351991872}
{"timestamp": "2025-05-23T05:20:53.858796", "level": "INFO", "name": "root", "message": "Connected to 1 guild(s)", "module": "Bot", "function": "on_ready", "line": 51, "process_id": 58499, "thread_id": 8351991872}
{"timestamp": "2025-05-23T05:24:54.714455", "level": "INFO", "name": "commands.notifications", "message": "NotificationsCommands Cog unloaded.", "module": "notifications", "function": "cog_unload", "line": 48, "process_id": 58499, "thread_id": 8351991872}
{"timestamp": "2025-05-23T05:24:54.720450", "level": "INFO", "name": "runner", "message": "Application shutdown requested by user.", "module": "runner", "function": "<module>", "line": 52, "process_id": 58499, "thread_id": 8351991872}
{"timestamp": "2025-05-23T05:24:58.616112", "level": "INFO", "name": "root", "message": "Logging initialized for myslt application", "module": "logging_config", "function": "setup_logging", "line": 129, "process_id": 59341, "thread_id": 8351991872}
{"timestamp": "2025-05-23T05:24:58.617602", "level": "INFO", "name": "root", "message": "Logging initialized for myslt application", "module": "logging_config", "function": "setup_logging", "line": 129, "process_id": 59341, "thread_id": 8351991872}
{"timestamp": "2025-05-23T05:24:58.618362", "level": "INFO", "name": "root", "message": "Logging initialized for myslt application", "module": "logging_config", "function": "setup_logging", "line": 129, "process_id": 59341, "thread_id": 8351991872}
{"timestamp": "2025-05-23T05:24:58.618855", "level": "INFO", "name": "root", "message": "Logging initialized for myslt application", "module": "logging_config", "function": "setup_logging", "line": 129, "process_id": 59341, "thread_id": 8351991872}
{"timestamp": "2025-05-23T05:24:58.618990", "level": "INFO", "name": "myslt.api", "message": "Initializing SLTAPI client", "module": "api", "function": "__init__", "line": 26, "process_id": 59341, "thread_id": 8351991872}
{"timestamp": "2025-05-23T05:24:58.619379", "level": "INFO", "name": "myslt.api", "message": "Attempting SLT API login", "module": "api", "function": "login", "line": 55, "process_id": 59341, "thread_id": 8351991872}
{"timestamp": "2025-05-23T05:24:59.212117", "level": "ERROR", "name": "myslt.api", "message": "SLT API login failed", "module": "api", "function": "login", "line": 101, "process_id": 59341, "thread_id": 8351991872, "exception": {"type": "HTTPError", "message": "401 Client Error: Unauthorized for url: https://omniscapp.slt.lk/slt/ext/api/Account/Login", "traceback": ["Traceback (most recent call last):\n", "  File \"/Users/himasha/Desktop/Projects/MySLT_Bot/myslt/api.py\", line 73, in login\n    response.raise_for_status()\n", "  File \"/Users/himasha/.pyenv/versions/3.9.16/lib/python3.9/site-packages/requests/models.py\", line 1024, in raise_for_status\n    raise HTTPError(http_error_msg, response=self)\n", "requests.exceptions.HTTPError: 401 Client Error: Unauthorized for url: https://omniscapp.slt.lk/slt/ext/api/Account/Login\n"]}}
{"timestamp": "2025-05-23T05:24:59.213929", "level": "CRITICAL", "name": "commands.notifications", "message": "Failed to initialize SLTAPI: Login failed: 401 Client Error: Unauthorized for url: https://omniscapp.slt.lk/slt/ext/api/Account/Login", "module": "notifications", "function": "<module>", "line": 26, "process_id": 59341, "thread_id": 8351991872}
{"timestamp": "2025-05-23T05:24:59.216093", "level": "INFO", "name": "commands.notifications", "message": "NotificationsCommands Cog initialized.", "module": "notifications", "function": "__init__", "line": 34, "process_id": 59341, "thread_id": 8351991872}
{"timestamp": "2025-05-23T05:24:59.216836", "level": "INFO", "name": "commands.notifications", "message": "[2025-05-23 05:24:59.215811+05:30] NotificationsCommands Cog loaded successfully.", "module": "notifications", "function": "setup", "line": 252, "process_id": 59341, "thread_id": 8351991872}
{"timestamp": "2025-05-23T05:24:59.217047", "level": "INFO", "name": "root", "message": "Loaded extension: commands.notifications", "module": "Bot", "function": "setup_extensions", "line": 93, "process_id": 59341, "thread_id": 8351991872}
{"timestamp": "2025-05-23T05:24:59.217237", "level": "INFO", "name": "root", "message": "Extension loading complete", "module": "Bot", "function": "setup_extensions", "line": 110, "process_id": 59341, "thread_id": 8351991872}
{"timestamp": "2025-05-23T05:24:59.217363", "level": "INFO", "name": "root", "message": "Starting bot connection", "module": "Bot", "function": "main", "line": 128, "process_id": 59341, "thread_id": 8351991872}
{"timestamp": "2025-05-23T05:24:59.217509", "level": "INFO", "name": "discord.client", "message": "logging in using static token", "module": "client", "function": "login", "line": 643, "process_id": 59341, "thread_id": 8351991872}
{"timestamp": "2025-05-23T05:24:59.220469", "level": "ERROR", "name": "commands.notifications", "message": "Error in spike_detection_task: SLT API is not initialized.", "module": "notifications", "function": "spike_detection_task", "line": 84, "process_id": 59341, "thread_id": 8351991872}
{"timestamp": "2025-05-23T05:24:59.221077", "level": "ERROR", "name": "commands.notifications", "message": "Error in daily_summary_task: SLT API is not initialized.", "module": "notifications", "function": "daily_summary_task", "line": 99, "process_id": 59341, "thread_id": 8351991872}
{"timestamp": "2025-05-23T05:24:59.221636", "level": "ERROR", "name": "commands.notifications", "message": "Error in bills_notification_task: SLT API is not initialized.", "module": "notifications", "function": "bills_notification_task", "line": 113, "process_id": 59341, "thread_id": 8351991872}
{"timestamp": "2025-05-23T05:24:59.221883", "level": "ERROR", "name": "commands.notifications", "message": "Error in vas_bundles_notification_task: SLT API is not initialized.", "module": "notifications", "function": "vas_bundles_notification_task", "line": 152, "process_id": 59341, "thread_id": 8351991872}
{"timestamp": "2025-05-23T05:25:01.513254", "level": "INFO", "name": "discord.gateway", "message": "Shard ID None has connected to Gateway (Session ID: 6abae786ec3955751860cf1e72ae9f7a).", "module": "gateway", "function": "received_message", "line": 562, "process_id": 59341, "thread_id": 8351991872}
{"timestamp": "2025-05-23T05:25:03.520152", "level": "INFO", "name": "root", "message": "Bot is online as MySLT#7820", "module": "Bot", "function": "on_ready", "line": 40, "process_id": 59341, "thread_id": 8351991872}
{"timestamp": "2025-05-23T05:25:03.522134", "level": "INFO", "name": "root", "message": "Connected to 1 guild(s)", "module": "Bot", "function": "on_ready", "line": 51, "process_id": 59341, "thread_id": 8351991872}
{"timestamp": "2025-05-23T05:26:46.131555", "level": "INFO", "name": "commands.notifications", "message": "NotificationsCommands Cog unloaded.", "module": "notifications", "function": "cog_unload", "line": 48, "process_id": 59341, "thread_id": 8351991872}
{"timestamp": "2025-05-23T05:26:46.135502", "level": "INFO", "name": "runner", "message": "Application shutdown requested by user.", "module": "runner", "function": "<module>", "line": 52, "process_id": 59341, "thread_id": 8351991872}
{"timestamp": "2025-05-23T05:26:50.424859", "level": "INFO", "name": "root", "message": "Logging initialized for myslt application", "module": "logging_config", "function": "setup_logging", "line": 129, "process_id": 59730, "thread_id": 8351991872}
{"timestamp": "2025-05-23T05:26:50.426128", "level": "INFO", "name": "root", "message": "Logging initialized for myslt application", "module": "logging_config", "function": "setup_logging", "line": 129, "process_id": 59730, "thread_id": 8351991872}
{"timestamp": "2025-05-23T05:26:50.427043", "level": "INFO", "name": "root", "message": "Logging initialized for myslt application", "module": "logging_config", "function": "setup_logging", "line": 129, "process_id": 59730, "thread_id": 8351991872}
{"timestamp": "2025-05-23T05:26:50.427615", "level": "INFO", "name": "root", "message": "Logging initialized for myslt application", "module": "logging_config", "function": "setup_logging", "line": 129, "process_id": 59730, "thread_id": 8351991872}
{"timestamp": "2025-05-23T05:26:50.427757", "level": "INFO", "name": "myslt.api", "message": "Initializing SLTAPI client", "module": "api", "function": "__init__", "line": 26, "process_id": 59730, "thread_id": 8351991872}
{"timestamp": "2025-05-23T05:26:50.427867", "level": "INFO", "name": "myslt.api", "message": "Attempting SLT API login", "module": "api", "function": "login", "line": 55, "process_id": 59730, "thread_id": 8351991872}
{"timestamp": "2025-05-23T05:26:52.046033", "level": "INFO", "name": "myslt.api", "message": "Login successful", "module": "api", "function": "login", "line": 82, "process_id": 59730, "thread_id": 8351991872}
{"timestamp": "2025-05-23T05:26:52.046886", "level": "INFO", "name": "commands.notifications", "message": "SLTAPI initialized successfully.", "module": "notifications", "function": "<module>", "line": 24, "process_id": 59730, "thread_id": 8351991872}
{"timestamp": "2025-05-23T05:26:52.051724", "level": "INFO", "name": "commands.notifications", "message": "NotificationsCommands Cog initialized.", "module": "notifications", "function": "__init__", "line": 34, "process_id": 59730, "thread_id": 8351991872}
{"timestamp": "2025-05-23T05:26:52.052517", "level": "INFO", "name": "commands.notifications", "message": "[2025-05-23 05:26:52.048831+05:30] NotificationsCommands Cog loaded successfully.", "module": "notifications", "function": "setup", "line": 252, "process_id": 59730, "thread_id": 8351991872}
{"timestamp": "2025-05-23T05:26:52.052746", "level": "INFO", "name": "root", "message": "Loaded extension: commands.notifications", "module": "Bot", "function": "setup_extensions", "line": 93, "process_id": 59730, "thread_id": 8351991872}
{"timestamp": "2025-05-23T05:26:52.052914", "level": "INFO", "name": "root", "message": "Extension loading complete", "module": "Bot", "function": "setup_extensions", "line": 110, "process_id": 59730, "thread_id": 8351991872}
{"timestamp": "2025-05-23T05:26:52.053090", "level": "INFO", "name": "root", "message": "Starting bot connection", "module": "Bot", "function": "main", "line": 128, "process_id": 59730, "thread_id": 8351991872}
{"timestamp": "2025-05-23T05:26:52.053488", "level": "INFO", "name": "discord.client", "message": "logging in using static token", "module": "client", "function": "login", "line": 643, "process_id": 59730, "thread_id": 8351991872}
{"timestamp": "2025-05-23T05:26:52.058397", "level": "INFO", "name": "tasks.spike_detection", "message": "Detecting spikes at 2025-05-23 05:26:52.058325+05:30. Usage difference: 0.5GB.", "module": "spike_detection", "function": "detect_spikes", "line": 27, "process_id": 59730, "thread_id": 8351991872}
{"timestamp": "2025-05-23T05:26:52.058670", "level": "INFO", "name": "tasks.spike_detection", "message": "No spike detected. Usage: 0.5GB is within the threshold of 1.0GB.", "module": "spike_detection", "function": "detect_spikes", "line": 41, "process_id": 59730, "thread_id": 8351991872}
{"timestamp": "2025-05-23T05:26:52.700432", "level": "INFO", "name": "myslt.api", "message": "Data successfully fetched from BBVAS/GetDashboardVASBundles", "module": "api", "function": "fetch_data", "line": 185, "process_id": 59730, "thread_id": 8351991872}
{"timestamp": "2025-05-23T05:26:52.701577", "level": "WARNING", "name": "commands.notifications", "message": "Channel with ID 0 not found.", "module": "notifications", "function": "get_channel", "line": 54, "process_id": 59730, "thread_id": 8351991872}
{"timestamp": "2025-05-23T05:26:52.702158", "level": "WARNING", "name": "commands.notifications", "message": "VAS Bundles Notification Channel not found.", "module": "notifications", "function": "vas_bundles_notification_task", "line": 134, "process_id": 59730, "thread_id": 8351991872}
{"timestamp": "2025-05-23T05:26:54.762277", "level": "INFO", "name": "discord.gateway", "message": "Shard ID None has connected to Gateway (Session ID: 03f024fbe84ba8a467ec3e5b0d047db1).", "module": "gateway", "function": "received_message", "line": 562, "process_id": 59730, "thread_id": 8351991872}
{"timestamp": "2025-05-23T05:26:56.768623", "level": "INFO", "name": "root", "message": "Bot is online as MySLT#7820", "module": "Bot", "function": "on_ready", "line": 40, "process_id": 59730, "thread_id": 8351991872}
{"timestamp": "2025-05-23T05:26:56.769161", "level": "INFO", "name": "root", "message": "Connected to 1 guild(s)", "module": "Bot", "function": "on_ready", "line": 51, "process_id": 59730, "thread_id": 8351991872}
{"timestamp": "2025-05-23T05:29:36.940060", "level": "INFO", "name": "commands.notifications", "message": "NotificationsCommands Cog unloaded.", "module": "notifications", "function": "cog_unload", "line": 48, "process_id": 59730, "thread_id": 8351991872}
{"timestamp": "2025-05-23T05:29:36.945630", "level": "INFO", "name": "runner", "message": "Application shutdown requested by user.", "module": "runner", "function": "<module>", "line": 52, "process_id": 59730, "thread_id": 8351991872}
{"timestamp": "2025-05-23T05:29:42.059792", "level": "INFO", "name": "root", "message": "Logging initialized for myslt application", "module": "logging_config", "function": "setup_logging", "line": 129, "process_id": 60281, "thread_id": 8351991872}
{"timestamp": "2025-05-23T05:29:42.061042", "level": "INFO", "name": "root", "message": "Logging initialized for myslt application", "module": "logging_config", "function": "setup_logging", "line": 129, "process_id": 60281, "thread_id": 8351991872}
{"timestamp": "2025-05-23T05:29:42.061819", "level": "INFO", "name": "root", "message": "Logging initialized for myslt application", "module": "logging_config", "function": "setup_logging", "line": 129, "process_id": 60281, "thread_id": 8351991872}
{"timestamp": "2025-05-23T05:29:42.062282", "level": "INFO", "name": "root", "message": "Logging initialized for myslt application", "module": "logging_config", "function": "setup_logging", "line": 129, "process_id": 60281, "thread_id": 8351991872}
{"timestamp": "2025-05-23T05:29:42.062409", "level": "INFO", "name": "myslt.api", "message": "Initializing SLTAPI client", "module": "api", "function": "__init__", "line": 26, "process_id": 60281, "thread_id": 8351991872}
{"timestamp": "2025-05-23T05:29:42.062519", "level": "INFO", "name": "myslt.api", "message": "Attempting SLT API login", "module": "api", "function": "login", "line": 55, "process_id": 60281, "thread_id": 8351991872}
{"timestamp": "2025-05-23T05:29:44.165928", "level": "INFO", "name": "myslt.api", "message": "Login successful", "module": "api", "function": "login", "line": 82, "process_id": 60281, "thread_id": 8351991872}
{"timestamp": "2025-05-23T05:29:44.166522", "level": "INFO", "name": "commands.notifications", "message": "SLTAPI initialized successfully.", "module": "notifications", "function": "<module>", "line": 24, "process_id": 60281, "thread_id": 8351991872}
{"timestamp": "2025-05-23T05:29:44.167564", "level": "INFO", "name": "commands.notifications", "message": "NotificationsCommands Cog initialized.", "module": "notifications", "function": "__init__", "line": 34, "process_id": 60281, "thread_id": 8351991872}
{"timestamp": "2025-05-23T05:29:44.167869", "level": "INFO", "name": "commands.notifications", "message": "[2025-05-23 05:29:44.167358+05:30] NotificationsCommands Cog loaded successfully.", "module": "notifications", "function": "setup", "line": 252, "process_id": 60281, "thread_id": 8351991872}
{"timestamp": "2025-05-23T05:29:44.168007", "level": "INFO", "name": "root", "message": "Loaded extension: commands.notifications", "module": "Bot", "function": "setup_extensions", "line": 93, "process_id": 60281, "thread_id": 8351991872}
{"timestamp": "2025-05-23T05:29:44.168130", "level": "INFO", "name": "root", "message": "Extension loading complete", "module": "Bot", "function": "setup_extensions", "line": 110, "process_id": 60281, "thread_id": 8351991872}
{"timestamp": "2025-05-23T05:29:44.168246", "level": "INFO", "name": "root", "message": "Starting bot connection", "module": "Bot", "function": "main", "line": 128, "process_id": 60281, "thread_id": 8351991872}
{"timestamp": "2025-05-23T05:29:44.168360", "level": "INFO", "name": "discord.client", "message": "logging in using static token", "module": "client", "function": "login", "line": 643, "process_id": 60281, "thread_id": 8351991872}
{"timestamp": "2025-05-23T05:29:44.170753", "level": "INFO", "name": "tasks.spike_detection", "message": "Detecting spikes at 2025-05-23 05:29:44.170707+05:30. Usage difference: 0.5GB.", "module": "spike_detection", "function": "detect_spikes", "line": 27, "process_id": 60281, "thread_id": 8351991872}
{"timestamp": "2025-05-23T05:29:44.170919", "level": "INFO", "name": "tasks.spike_detection", "message": "No spike detected. Usage: 0.5GB is within the threshold of 1.0GB.", "module": "spike_detection", "function": "detect_spikes", "line": 41, "process_id": 60281, "thread_id": 8351991872}
{"timestamp": "2025-05-23T05:29:44.768821", "level": "INFO", "name": "myslt.api", "message": "Data successfully fetched from BBVAS/GetDashboardVASBundles", "module": "api", "function": "fetch_data", "line": 185, "process_id": 60281, "thread_id": 8351991872}
{"timestamp": "2025-05-23T05:29:44.769486", "level": "WARNING", "name": "commands.notifications", "message": "Channel with ID 0 not found.", "module": "notifications", "function": "get_channel", "line": 54, "process_id": 60281, "thread_id": 8351991872}
{"timestamp": "2025-05-23T05:29:44.769640", "level": "WARNING", "name": "commands.notifications", "message": "VAS Bundles Notification Channel not found.", "module": "notifications", "function": "vas_bundles_notification_task", "line": 134, "process_id": 60281, "thread_id": 8351991872}
{"timestamp": "2025-05-23T05:29:46.714239", "level": "INFO", "name": "discord.gateway", "message": "Shard ID None has connected to Gateway (Session ID: 48debb5f6bf47d6cc7c56495af9e6e26).", "module": "gateway", "function": "received_message", "line": 562, "process_id": 60281, "thread_id": 8351991872}
{"timestamp": "2025-05-23T05:29:48.723585", "level": "INFO", "name": "root", "message": "Bot is online as MySLT#7820", "module": "Bot", "function": "on_ready", "line": 40, "process_id": 60281, "thread_id": 8351991872}
{"timestamp": "2025-05-23T05:29:48.723985", "level": "INFO", "name": "root", "message": "Connected to 1 guild(s)", "module": "Bot", "function": "on_ready", "line": 51, "process_id": 60281, "thread_id": 8351991872}
{"timestamp": "2025-05-23T05:34:44.148625", "level": "INFO", "name": "tasks.spike_detection", "message": "Detecting spikes at 2025-05-23 05:34:44.147297+05:30. Usage difference: 0.5GB.", "module": "spike_detection", "function": "detect_spikes", "line": 27, "process_id": 60281, "thread_id": 8351991872}
{"timestamp": "2025-05-23T05:34:44.150897", "level": "INFO", "name": "tasks.spike_detection", "message": "No spike detected. Usage: 0.5GB is within the threshold of 1.0GB.", "module": "spike_detection", "function": "detect_spikes", "line": 41, "process_id": 60281, "thread_id": 8351991872}
{"timestamp": "2025-05-23T05:36:27.133174", "level": "INFO", "name": "commands.notifications", "message": "NotificationsCommands Cog unloaded.", "module": "notifications", "function": "cog_unload", "line": 48, "process_id": 60281, "thread_id": 8351991872}
{"timestamp": "2025-05-23T05:36:27.144554", "level": "INFO", "name": "runner", "message": "Application shutdown requested by user.", "module": "runner", "function": "<module>", "line": 52, "process_id": 60281, "thread_id": 8351991872}
{"timestamp": "2025-05-23T05:39:15.541380", "level": "INFO", "name": "root", "message": "Logging initialized for myslt application", "module": "logging_config", "function": "setup_logging", "line": 129, "process_id": 62168, "thread_id": 8351991872}
{"timestamp": "2025-05-23T05:39:15.542863", "level": "INFO", "name": "root", "message": "Logging initialized for myslt application", "module": "logging_config", "function": "setup_logging", "line": 129, "process_id": 62168, "thread_id": 8351991872}
{"timestamp": "2025-05-23T05:39:15.543824", "level": "INFO", "name": "root", "message": "Logging initialized for myslt application", "module": "logging_config", "function": "setup_logging", "line": 129, "process_id": 62168, "thread_id": 8351991872}
{"timestamp": "2025-05-23T05:39:15.544389", "level": "INFO", "name": "root", "message": "Logging initialized for myslt application", "module": "logging_config", "function": "setup_logging", "line": 129, "process_id": 62168, "thread_id": 8351991872}
{"timestamp": "2025-05-23T05:39:15.544552", "level": "INFO", "name": "myslt.api", "message": "Initializing SLTAPI client", "module": "api", "function": "__init__", "line": 26, "process_id": 62168, "thread_id": 8351991872}
{"timestamp": "2025-05-23T05:39:15.544701", "level": "INFO", "name": "myslt.api", "message": "Attempting SLT API login", "module": "api", "function": "login", "line": 55, "process_id": 62168, "thread_id": 8351991872}
{"timestamp": "2025-05-23T05:39:17.160724", "level": "INFO", "name": "myslt.api", "message": "Login successful", "module": "api", "function": "login", "line": 82, "process_id": 62168, "thread_id": 8351991872}
{"timestamp": "2025-05-23T05:39:17.161629", "level": "INFO", "name": "commands.notifications", "message": "SLTAPI initialized successfully.", "module": "notifications", "function": "<module>", "line": 24, "process_id": 62168, "thread_id": 8351991872}
{"timestamp": "2025-05-23T05:39:17.163359", "level": "INFO", "name": "commands.notifications", "message": "NotificationsCommands Cog initialized.", "module": "notifications", "function": "__init__", "line": 34, "process_id": 62168, "thread_id": 8351991872}
{"timestamp": "2025-05-23T05:39:17.164054", "level": "INFO", "name": "commands.notifications", "message": "[2025-05-23 05:39:17.162902+05:30] NotificationsCommands Cog loaded successfully.", "module": "notifications", "function": "setup", "line": 252, "process_id": 62168, "thread_id": 8351991872}
{"timestamp": "2025-05-23T05:39:17.164268", "level": "INFO", "name": "root", "message": "Loaded extension: commands.notifications", "module": "Bot", "function": "setup_extensions", "line": 93, "process_id": 62168, "thread_id": 8351991872}
{"timestamp": "2025-05-23T05:39:17.164448", "level": "INFO", "name": "root", "message": "Extension loading complete", "module": "Bot", "function": "setup_extensions", "line": 110, "process_id": 62168, "thread_id": 8351991872}
{"timestamp": "2025-05-23T05:39:17.164612", "level": "INFO", "name": "root", "message": "Starting bot connection", "module": "Bot", "function": "main", "line": 128, "process_id": 62168, "thread_id": 8351991872}
{"timestamp": "2025-05-23T05:39:17.164819", "level": "INFO", "name": "discord.client", "message": "logging in using static token", "module": "client", "function": "login", "line": 643, "process_id": 62168, "thread_id": 8351991872}
{"timestamp": "2025-05-23T05:39:17.167984", "level": "INFO", "name": "tasks.spike_detection", "message": "Detecting spikes at 2025-05-23 05:39:17.167919+05:30. Usage difference: 0.5GB.", "module": "spike_detection", "function": "detect_spikes", "line": 27, "process_id": 62168, "thread_id": 8351991872}
{"timestamp": "2025-05-23T05:39:17.168228", "level": "INFO", "name": "tasks.spike_detection", "message": "No spike detected. Usage: 0.5GB is within the threshold of 1.0GB.", "module": "spike_detection", "function": "detect_spikes", "line": 41, "process_id": 62168, "thread_id": 8351991872}
{"timestamp": "2025-05-23T05:39:17.839272", "level": "INFO", "name": "myslt.api", "message": "Data successfully fetched from BBVAS/GetDashboardVASBundles", "module": "api", "function": "fetch_data", "line": 185, "process_id": 62168, "thread_id": 8351991872}
{"timestamp": "2025-05-23T05:39:17.840175", "level": "WARNING", "name": "commands.notifications", "message": "Channel with ID 0 not found.", "module": "notifications", "function": "get_channel", "line": 54, "process_id": 62168, "thread_id": 8351991872}
{"timestamp": "2025-05-23T05:39:17.840365", "level": "WARNING", "name": "commands.notifications", "message": "VAS Bundles Notification Channel not found.", "module": "notifications", "function": "vas_bundles_notification_task", "line": 134, "process_id": 62168, "thread_id": 8351991872}
{"timestamp": "2025-05-23T05:39:19.893879", "level": "INFO", "name": "discord.gateway", "message": "Shard ID None has connected to Gateway (Session ID: 2383f90450f5dd8baaef9db7700ffa77).", "module": "gateway", "function": "received_message", "line": 562, "process_id": 62168, "thread_id": 8351991872}
{"timestamp": "2025-05-23T05:39:21.902185", "level": "INFO", "name": "root", "message": "Bot is online as MySLT#7820", "module": "Bot", "function": "on_ready", "line": 40, "process_id": 62168, "thread_id": 8351991872}
{"timestamp": "2025-05-23T05:39:21.904498", "level": "INFO", "name": "root", "message": "Connected to 1 guild(s)", "module": "Bot", "function": "on_ready", "line": 51, "process_id": 62168, "thread_id": 8351991872}
